Using pre-set license
Built from '2021.3/staging' branch; Version is '2021.3.1f1 (3b70a0754835) revision 3895456'; Using compiler version '192829333'; Build Type 'Release'
OS: 'Windows 10  (10.0.19042) 64bit Professional' Language: 'pt' Physical Memory: 12248 MB
BatchMode: 1, IsHumanControllingUs: 0, StartBugReporterOnCrash: 0, Is64bit: 1, IsPro: 1

COMMAND LINE ARGUMENTS:
C:\Program Files\Unity\Hub\Editor\2021.3.1f1\Editor\Unity.exe
-adb2
-batchMode
-noUpm
-name
AssetImportWorker3
-projectPath
C:/Users/W10/Desktop/WayPointsStarter
-logFile
Logs/AssetImportWorker3.log
-srvPort
51918
Successfully changed project path to: C:/Users/W10/Desktop/WayPointsStarter
C:/Users/W10/Desktop/WayPointsStarter
[UnityMemory] Configuration Parameters - Can be set up in boot.config
    "memorysetup-bucket-allocator-granularity=16"
    "memorysetup-bucket-allocator-bucket-count=8"
    "memorysetup-bucket-allocator-block-size=33554432"
    "memorysetup-bucket-allocator-block-count=8"
    "memorysetup-main-allocator-block-size=16777216"
    "memorysetup-thread-allocator-block-size=16777216"
    "memorysetup-gfx-main-allocator-block-size=16777216"
    "memorysetup-gfx-thread-allocator-block-size=16777216"
    "memorysetup-cache-allocator-block-size=4194304"
    "memorysetup-typetree-allocator-block-size=2097152"
    "memorysetup-profiler-bucket-allocator-granularity=16"
    "memorysetup-profiler-bucket-allocator-bucket-count=8"
    "memorysetup-profiler-bucket-allocator-block-size=33554432"
    "memorysetup-profiler-bucket-allocator-block-count=8"
    "memorysetup-profiler-allocator-block-size=16777216"
    "memorysetup-profiler-editor-allocator-block-size=1048576"
    "memorysetup-temp-allocator-size-main=16777216"
    "memorysetup-job-temp-allocator-block-size=2097152"
    "memorysetup-job-temp-allocator-block-size-background=1048576"
    "memorysetup-job-temp-allocator-reduction-small-platforms=262144"
    "memorysetup-temp-allocator-size-background-worker=32768"
    "memorysetup-temp-allocator-size-job-worker=262144"
    "memorysetup-temp-allocator-size-preload-manager=33554432"
    "memorysetup-temp-allocator-size-nav-mesh-worker=65536"
    "memorysetup-temp-allocator-size-audio-worker=65536"
    "memorysetup-temp-allocator-size-cloud-worker=32768"
    "memorysetup-temp-allocator-size-gi-baking-worker=262144"
    "memorysetup-temp-allocator-size-gfx=262144"
Refreshing native plugins compatible for Editor in 39.53 ms, found 2 plugins.
Preloading 0 native plugins for Editor in 0.00 ms.
Initialize engine version: 2021.3.1f1 (3b70a0754835)
[Subsystems] Discovering subsystems at path C:/Program Files/Unity/Hub/Editor/2021.3.1f1/Editor/Data/Resources/UnitySubsystems
[Subsystems] Discovering subsystems at path C:/Users/W10/Desktop/WayPointsStarter/Assets
GfxDevice: creating device client; threaded=0; jobified=0
Direct3D:
    Version:  Direct3D 11.0 [level 11.1]
    Renderer: NVIDIA GeForce GTX 1050 Ti (ID=0x1c82)
    Vendor:   NVIDIA
    VRAM:     4018 MB
    Driver:   27.21.14.5671
Initialize mono
Mono path[0] = 'C:/Program Files/Unity/Hub/Editor/2021.3.1f1/Editor/Data/Managed'
Mono path[1] = 'C:/Program Files/Unity/Hub/Editor/2021.3.1f1/Editor/Data/MonoBleedingEdge/lib/mono/unityjit-win32'
Mono config path = 'C:/Program Files/Unity/Hub/Editor/2021.3.1f1/Editor/Data/MonoBleedingEdge/etc'
Using monoOptions --debugger-agent=transport=dt_socket,embedding=1,server=y,suspend=n,address=127.0.0.1:56032
Begin MonoManager ReloadAssembly
Registering precompiled unity dll's ...
Register platform support module: C:/Program Files/Unity/Hub/Editor/2021.3.1f1/Editor/Data/PlaybackEngines/WebGLSupport/UnityEditor.WebGL.Extensions.dll
Register platform support module: C:/Program Files/Unity/Hub/Editor/2021.3.1f1/Editor/Data/PlaybackEngines/WindowsStandaloneSupport/UnityEditor.WindowsStandalone.Extensions.dll
Registered in 0.014086 seconds.
Native extension for WindowsStandalone target not found
Native extension for WebGL target not found
Refreshing native plugins compatible for Editor in 40.45 ms, found 2 plugins.
Preloading 0 native plugins for Editor in 0.00 ms.
Mono: successfully reloaded assembly
- Completed reload, in  0.860 seconds
Domain Reload Profiling:
	ReloadAssembly (860ms)
		BeginReloadAssembly (100ms)
			ExecutionOrderSort (0ms)
			DisableScriptedObjects (0ms)
			BackupInstance (0ms)
			ReleaseScriptingObjects (0ms)
			CreateAndSetChildDomain (1ms)
		EndReloadAssembly (582ms)
			LoadAssemblies (98ms)
			RebuildTransferFunctionScriptingTraits (0ms)
			SetupTypeCache (155ms)
			ReleaseScriptCaches (0ms)
			RebuildScriptCaches (44ms)
			SetupLoadedEditorAssemblies (309ms)
				LogAssemblyErrors (0ms)
				InitializePlatformSupportModulesInManaged (14ms)
				SetLoadedEditorAssemblies (0ms)
				RefreshPlugins (41ms)
				BeforeProcessingInitializeOnLoad (2ms)
				ProcessInitializeOnLoadAttributes (180ms)
				ProcessInitializeOnLoadMethodAttributes (72ms)
				AfterProcessingInitializeOnLoad (0ms)
				EditorAssembliesLoaded (0ms)
			ExecutionOrderSort2 (0ms)
			AwakeInstancesAfterBackupRestoration (0ms)
Platform modules already initialized, skipping
Registering precompiled user dll's ...
Registered in 0.003873 seconds.
Begin MonoManager ReloadAssembly
Native extension for WindowsStandalone target not found
Native extension for WebGL target not found
Refreshing native plugins compatible for Editor in 0.43 ms, found 2 plugins.
Preloading 0 native plugins for Editor in 0.00 ms.
Mono: successfully reloaded assembly
- Completed reload, in  1.588 seconds
Domain Reload Profiling:
	ReloadAssembly (1591ms)
		BeginReloadAssembly (158ms)
			ExecutionOrderSort (0ms)
			DisableScriptedObjects (9ms)
			BackupInstance (0ms)
			ReleaseScriptingObjects (0ms)
			CreateAndSetChildDomain (24ms)
		EndReloadAssembly (1260ms)
			LoadAssemblies (477ms)
			RebuildTransferFunctionScriptingTraits (0ms)
			SetupTypeCache (244ms)
			ReleaseScriptCaches (1ms)
			RebuildScriptCaches (67ms)
			SetupLoadedEditorAssemblies (404ms)
				LogAssemblyErrors (0ms)
				InitializePlatformSupportModulesInManaged (13ms)
				SetLoadedEditorAssemblies (1ms)
				RefreshPlugins (0ms)
				BeforeProcessingInitializeOnLoad (69ms)
				ProcessInitializeOnLoadAttributes (279ms)
				ProcessInitializeOnLoadMethodAttributes (32ms)
				AfterProcessingInitializeOnLoad (11ms)
				EditorAssembliesLoaded (0ms)
			ExecutionOrderSort2 (0ms)
			AwakeInstancesAfterBackupRestoration (11ms)
Platform modules already initialized, skipping
========================================================================
Worker process is ready to serve import requests
Launched and connected shader compiler UnityShaderCompiler.exe after 0.20 seconds
Refreshing native plugins compatible for Editor in 0.60 ms, found 2 plugins.
Preloading 0 native plugins for Editor in 0.00 ms.
Unloading 1640 Unused Serialized files (Serialized files now loaded: 0)
Unloading 20 unused Assets / (343.1 KB). Loaded Objects now: 2105.
Memory consumption went from 76.3 MB to 75.9 MB.
Total: 5.237400 ms (FindLiveObjects: 0.327500 ms CreateObjectMapping: 0.083800 ms MarkObjects: 4.631600 ms  DeleteObjects: 0.192600 ms)

AssetImportParameters requested are different than current active one (requested -> active):
  custom:video-decoder-ogg-theora: a1e56fd34408186e4bbccfd4996cb3dc -> 
  custom:container-muxer-webm: aa71ff27fc2769a1b78a27578f13a17b -> 
  custom:container-demuxer-webm: 4f35f7cbe854078d1ac9338744f61a02 -> 
  custom:video-encoder-webm-vp8: eb34c28f22e8b96e1ab97ce403110664 -> 
  custom:audio-encoder-webm-vorbis: bf7c407c2cedff20999df2af8eb42d56 -> 
  custom:framework-win-MediaFoundation: 216162199b28c13a410421893ffa2e32 -> 
  custom:container-demuxer-ogg: 62fdf1f143b41e24485cea50d1cbac27 -> 
  custom:video-decoder-webm-vp8: 9c59270c3fd7afecdb556c50c9e8de78 -> 
  custom:audio-decoder-ogg-vorbis: bf7c407c2cedff20999df2af8eb42d56 -> 
========================================================================
Received Import Request.
  Time since last request: 586337.607049 seconds.
  path: Assets/WayPoint.prefab
  artifactKey: Guid(650ea2e5f9c3b4ae4aa6e7fdf6cf157b) Importer(815301076,1909f56bfc062723c751e8b465ee728b)
Start importing Assets/WayPoint.prefab using Guid(650ea2e5f9c3b4ae4aa6e7fdf6cf157b) Importer(815301076,1909f56bfc062723c751e8b465ee728b)  -> (artifact id: 'd42a6e51ee8aa21a346fcd44a43dcc94') in 0.807597 seconds 
========================================================================
Received Import Request.
  Time since last request: 0.000024 seconds.
  path: Assets/red.mat
  artifactKey: Guid(5470b972618654519a85223ac6f98d57) Importer(815301076,1909f56bfc062723c751e8b465ee728b)
Start importing Assets/red.mat using Guid(5470b972618654519a85223ac6f98d57) Importer(815301076,1909f56bfc062723c751e8b465ee728b)  -> (artifact id: 'ff622b68571ce126a599dee241828084') in 0.729997 seconds 
========================================================================
Received Import Request.
  Time since last request: 24.251995 seconds.
  path: Assets/TANKASSETS/red.mat
  artifactKey: Guid(2a3b48702fd1447bc9cc1408210c3ac2) Importer(815301076,1909f56bfc062723c751e8b465ee728b)
Start importing Assets/TANKASSETS/red.mat using Guid(2a3b48702fd1447bc9cc1408210c3ac2) Importer(815301076,1909f56bfc062723c751e8b465ee728b)  -> (artifact id: '696e9bb7ac474f3f43174821bd739d74') in 0.016961 seconds 
========================================================================
Received Import Request.
  Time since last request: 6.117958 seconds.
  path: Assets/Materials/TankGrey.mat
  artifactKey: Guid(063d5524599294c58bd5b814f78e3f7a) Importer(815301076,1909f56bfc062723c751e8b465ee728b)
Start importing Assets/Materials/TankGrey.mat using Guid(063d5524599294c58bd5b814f78e3f7a) Importer(815301076,1909f56bfc062723c751e8b465ee728b)  -> (artifact id: 'fcf1112b17d2877cd2e20eb247fd0e37') in 0.014911 seconds 
========================================================================
Received Import Request.
  Time since last request: 0.000027 seconds.
  path: Assets/Materials/TankLights.mat
  artifactKey: Guid(dd67a36539c63437dbdbd9d73b3c9d90) Importer(815301076,1909f56bfc062723c751e8b465ee728b)
Start importing Assets/Materials/TankLights.mat using Guid(dd67a36539c63437dbdbd9d73b3c9d90) Importer(815301076,1909f56bfc062723c751e8b465ee728b)  -> (artifact id: '49a40372bf5a55adfcab684953866d2f') in 0.017884 seconds 
========================================================================
Received Prepare
Registering precompiled user dll's ...
Registered in 0.003856 seconds.
Begin MonoManager ReloadAssembly
Native extension for WindowsStandalone target not found
Native extension for WebGL target not found
Refreshing native plugins compatible for Editor in 0.42 ms, found 2 plugins.
Preloading 0 native plugins for Editor in 0.00 ms.
Mono: successfully reloaded assembly
- Completed reload, in  1.149 seconds
Domain Reload Profiling:
	ReloadAssembly (1150ms)
		BeginReloadAssembly (158ms)
			ExecutionOrderSort (0ms)
			DisableScriptedObjects (9ms)
			BackupInstance (0ms)
			ReleaseScriptingObjects (0ms)
			CreateAndSetChildDomain (34ms)
		EndReloadAssembly (868ms)
			LoadAssemblies (117ms)
			RebuildTransferFunctionScriptingTraits (0ms)
			SetupTypeCache (229ms)
			ReleaseScriptCaches (1ms)
			RebuildScriptCaches (63ms)
			SetupLoadedEditorAssemblies (397ms)
				LogAssemblyErrors (0ms)
				InitializePlatformSupportModulesInManaged (19ms)
				SetLoadedEditorAssemblies (1ms)
				RefreshPlugins (0ms)
				BeforeProcessingInitializeOnLoad (61ms)
				ProcessInitializeOnLoadAttributes (259ms)
				ProcessInitializeOnLoadMethodAttributes (43ms)
				AfterProcessingInitializeOnLoad (15ms)
				EditorAssembliesLoaded (0ms)
			ExecutionOrderSort2 (0ms)
			AwakeInstancesAfterBackupRestoration (12ms)
Platform modules already initialized, skipping
Refreshing native plugins compatible for Editor in 1.98 ms, found 2 plugins.
Preloading 0 native plugins for Editor in 0.00 ms.
Unloading 1614 Unused Serialized files (Serialized files now loaded: 0)
Unloading 13 unused Assets / (309.5 KB). Loaded Objects now: 2152.
Memory consumption went from 78.4 MB to 78.1 MB.
Total: 4.180400 ms (FindLiveObjects: 0.250600 ms CreateObjectMapping: 0.069900 ms MarkObjects: 3.788000 ms  DeleteObjects: 0.069800 ms)

AssetImportParameters requested are different than current active one (requested -> active):
  custom:video-decoder-ogg-theora: a1e56fd34408186e4bbccfd4996cb3dc -> 
  custom:container-muxer-webm: aa71ff27fc2769a1b78a27578f13a17b -> 
  custom:container-demuxer-webm: 4f35f7cbe854078d1ac9338744f61a02 -> 
  custom:video-encoder-webm-vp8: eb34c28f22e8b96e1ab97ce403110664 -> 
  custom:audio-encoder-webm-vorbis: bf7c407c2cedff20999df2af8eb42d56 -> 
  custom:framework-win-MediaFoundation: 216162199b28c13a410421893ffa2e32 -> 
  custom:container-demuxer-ogg: 62fdf1f143b41e24485cea50d1cbac27 -> 
  custom:video-decoder-webm-vp8: 9c59270c3fd7afecdb556c50c9e8de78 -> 
  custom:audio-decoder-ogg-vorbis: bf7c407c2cedff20999df2af8eb42d56 -> 
========================================================================
Received Import Request.
  Time since last request: 381.718432 seconds.
  path: Assets/Tank.fbx
  artifactKey: Guid(c58838a1d6c17484393fa08cdb7f059d) Importer(2089858483,934ff659095e30574adcf32a4c2f97b5)
Start importing Assets/Tank.fbx using Guid(c58838a1d6c17484393fa08cdb7f059d) Importer(2089858483,934ff659095e30574adcf32a4c2f97b5)  -> (artifact id: '88c05aad1b1e70e318999bb270ac819d') in 0.174391 seconds 
========================================================================
Received Import Request.
  Time since last request: 0.000036 seconds.
  path: Assets/TANKASSETS/Sprites/Health Wheel.png
  artifactKey: Guid(c7dd97e9cd879304795b366cbf187bfe) Importer(2089858483,934ff659095e30574adcf32a4c2f97b5)
Start importing Assets/TANKASSETS/Sprites/Health Wheel.png using Guid(c7dd97e9cd879304795b366cbf187bfe) Importer(2089858483,934ff659095e30574adcf32a4c2f97b5)  -> (artifact id: '9c0382b914df2db61e042a0aec6bc068') in 0.212576 seconds 
========================================================================
Received Import Request.
  Time since last request: 0.000033 seconds.
  path: Assets/Scripts/WpManager.cs
  artifactKey: Guid(d8ce6b210c5ef2446a2b6c3a2e68cb26) Importer(2089858483,934ff659095e30574adcf32a4c2f97b5)
Start importing Assets/Scripts/WpManager.cs using Guid(d8ce6b210c5ef2446a2b6c3a2e68cb26) Importer(2089858483,934ff659095e30574adcf32a4c2f97b5)  -> (artifact id: '45195776f5fab37e201ddcfecd73ac2c') in 0.031972 seconds 
========================================================================
Received Import Request.
  Time since last request: 0.000029 seconds.
  path: Assets/TANKASSETS/PostProcessing/Editor/Models/GrainModelEditor.cs
  artifactKey: Guid(8330694e2c90c284f81153ac83b3cb4a) Importer(2089858483,934ff659095e30574adcf32a4c2f97b5)
Start importing Assets/TANKASSETS/PostProcessing/Editor/Models/GrainModelEditor.cs using Guid(8330694e2c90c284f81153ac83b3cb4a) Importer(2089858483,934ff659095e30574adcf32a4c2f97b5)  -> (artifact id: 'd7f745356103412153a68dc835648704') in 0.011434 seconds 
========================================================================
Received Import Request.
  Time since last request: 0.000024 seconds.
  path: Assets/TANKASSETS/red.mat
  artifactKey: Guid(2a3b48702fd1447bc9cc1408210c3ac2) Importer(2089858483,934ff659095e30574adcf32a4c2f97b5)
Start importing Assets/TANKASSETS/red.mat using Guid(2a3b48702fd1447bc9cc1408210c3ac2) Importer(2089858483,934ff659095e30574adcf32a4c2f97b5)  -> (artifact id: 'aaf35d91b356320fc762e6470417a537') in 0.013034 seconds 
========================================================================
Received Import Request.
  Time since last request: 0.000033 seconds.
  path: Assets/TANKASSETS/Models/Cliff.fbx
  artifactKey: Guid(12783825d19a606449c1d81b822fb4a2) Importer(2089858483,934ff659095e30574adcf32a4c2f97b5)
Start importing Assets/TANKASSETS/Models/Cliff.fbx using Guid(12783825d19a606449c1d81b822fb4a2) Importer(2089858483,934ff659095e30574adcf32a4c2f97b5)  -> (artifact id: '94af3ab81ff6c1023435fb537e5c591c') in 0.021954 seconds 
========================================================================
Received Import Request.
  Time since last request: 0.000031 seconds.
  path: Assets/Materials/TankGrey.mat
  artifactKey: Guid(063d5524599294c58bd5b814f78e3f7a) Importer(2089858483,934ff659095e30574adcf32a4c2f97b5)
Start importing Assets/Materials/TankGrey.mat using Guid(063d5524599294c58bd5b814f78e3f7a) Importer(2089858483,934ff659095e30574adcf32a4c2f97b5)  -> (artifact id: '3b33c66ff6832f5388f6dacdd32bd7dc') in 0.011659 seconds 
========================================================================
Received Import Request.
  Time since last request: 0.000023 seconds.
  path: Assets/TANKASSETS/Materials/TankGrey.mat
  artifactKey: Guid(c4c5f95d06932564c8672b4bafeb1b28) Importer(2089858483,934ff659095e30574adcf32a4c2f97b5)
Start importing Assets/TANKASSETS/Materials/TankGrey.mat using Guid(c4c5f95d06932564c8672b4bafeb1b28) Importer(2089858483,934ff659095e30574adcf32a4c2f97b5)  -> (artifact id: '25c2204469ac09344d8dcb32bcafc155') in 0.008707 seconds 
========================================================================
Received Import Request.
  Time since last request: 0.000023 seconds.
  path: Assets/TANKASSETS/Materials/YellowDark.mat
  artifactKey: Guid(4b4b25f923792ce4ab819907a4629058) Importer(2089858483,934ff659095e30574adcf32a4c2f97b5)
Start importing Assets/TANKASSETS/Materials/YellowDark.mat using Guid(4b4b25f923792ce4ab819907a4629058) Importer(2089858483,934ff659095e30574adcf32a4c2f97b5)  -> (artifact id: 'de2987585c20f20d2ba9649758505466') in 0.013450 seconds 
========================================================================
Received Import Request.
  Time since last request: 0.000022 seconds.
  path: Assets/TANKASSETS/PostProcessing/Editor Resources/Monitors/WaveformRender.shader
  artifactKey: Guid(8b3e43c50424ab2428a9c172843bc66d) Importer(2089858483,934ff659095e30574adcf32a4c2f97b5)
Start importing Assets/TANKASSETS/PostProcessing/Editor Resources/Monitors/WaveformRender.shader using Guid(8b3e43c50424ab2428a9c172843bc66d) Importer(2089858483,934ff659095e30574adcf32a4c2f97b5)  -> (artifact id: 'c1cc0c152feaa31ebe26f8baaee448cf') in 0.015314 seconds 
========================================================================
Received Import Request.
  Time since last request: 0.000024 seconds.
  path: Assets/TANKASSETS/PostProcessing/Editor/PropertyDrawers/TrackballGroupDrawer.cs
  artifactKey: Guid(a668d493c5ed56d448b53c19b2c3dfd2) Importer(2089858483,934ff659095e30574adcf32a4c2f97b5)
Start importing Assets/TANKASSETS/PostProcessing/Editor/PropertyDrawers/TrackballGroupDrawer.cs using Guid(a668d493c5ed56d448b53c19b2c3dfd2) Importer(2089858483,934ff659095e30574adcf32a4c2f97b5)  -> (artifact id: '0907abe9fa391780eb70e5f521a12f70') in 0.010638 seconds 
========================================================================
Received Import Request.
  Time since last request: 0.000024 seconds.
  path: Assets/TANKASSETS/PostProcessing/Editor/Models/VignetteModelEditor.cs
  artifactKey: Guid(745ad42620dabf04b94761acc86189ba) Importer(2089858483,934ff659095e30574adcf32a4c2f97b5)
Start importing Assets/TANKASSETS/PostProcessing/Editor/Models/VignetteModelEditor.cs using Guid(745ad42620dabf04b94761acc86189ba) Importer(2089858483,934ff659095e30574adcf32a4c2f97b5)  -> (artifact id: '7420e18f14c4d1bc8ba963304d1d2e52') in 0.010798 seconds 
========================================================================
Received Import Request.
  Time since last request: 0.000033 seconds.
  path: Assets/TANKASSETS/PostProcessing/Editor/Utils/ReflectionUtils.cs
  artifactKey: Guid(71f7e805a7fc35046afbcf5c2639d116) Importer(2089858483,934ff659095e30574adcf32a4c2f97b5)
Start importing Assets/TANKASSETS/PostProcessing/Editor/Utils/ReflectionUtils.cs using Guid(71f7e805a7fc35046afbcf5c2639d116) Importer(2089858483,934ff659095e30574adcf32a4c2f97b5)  -> (artifact id: 'e8005779425f26909a3f0389939892c2') in 0.009808 seconds 
========================================================================
Received Import Request.
  Time since last request: 0.000024 seconds.
  path: Assets/TANKASSETS/PostProcessing/Editor/Utils/EditorGUIHelper.cs
  artifactKey: Guid(7226e17fa48c86148a3d15584e21b4cb) Importer(2089858483,934ff659095e30574adcf32a4c2f97b5)
Start importing Assets/TANKASSETS/PostProcessing/Editor/Utils/EditorGUIHelper.cs using Guid(7226e17fa48c86148a3d15584e21b4cb) Importer(2089858483,934ff659095e30574adcf32a4c2f97b5)  -> (artifact id: '01ea6d28e01afe338eed3437c477d637') in 0.012472 seconds 
========================================================================
Received Import Request.
  Time since last request: 0.000044 seconds.
  path: Assets/TANKASSETS/PostProcessing/Editor/PostProcessingInspector.cs
  artifactKey: Guid(27fa95984763d9d47bbad59e7fdb66fe) Importer(2089858483,934ff659095e30574adcf32a4c2f97b5)
Start importing Assets/TANKASSETS/PostProcessing/Editor/PostProcessingInspector.cs using Guid(27fa95984763d9d47bbad59e7fdb66fe) Importer(2089858483,934ff659095e30574adcf32a4c2f97b5)  -> (artifact id: 'c4afac00c34b9396188c2843f9e01c2c') in 0.011186 seconds 
========================================================================
Received Import Request.
  Time since last request: 0.000044 seconds.
  path: Assets/TANKASSETS/Fonts/Bowlby_One/OFL.txt
  artifactKey: Guid(327f44d86230f28468dc6a953ee98fa5) Importer(2089858483,934ff659095e30574adcf32a4c2f97b5)
Start importing Assets/TANKASSETS/Fonts/Bowlby_One/OFL.txt using Guid(327f44d86230f28468dc6a953ee98fa5) Importer(2089858483,934ff659095e30574adcf32a4c2f97b5)  -> (artifact id: '5c66bd433d9513ea56cfcd81beea7fff') in 0.056222 seconds 
========================================================================
Received Import Request.
  Time since last request: 0.000026 seconds.
  path: Assets/Scripts/FollowPath.cs
  artifactKey: Guid(c34aa5a3474167242b2f4f29f2f8cad2) Importer(2089858483,934ff659095e30574adcf32a4c2f97b5)
Start importing Assets/Scripts/FollowPath.cs using Guid(c34aa5a3474167242b2f4f29f2f8cad2) Importer(2089858483,934ff659095e30574adcf32a4c2f97b5)  -> (artifact id: '007a0b650330bdb3c50c232b82a3fbeb') in 0.011022 seconds 
========================================================================
Received Import Request.
  Time since last request: 0.000028 seconds.
  path: Assets/TANKASSETS/Sprites/Smoke.tif
  artifactKey: Guid(8e2e7f1c0de3a1e4bab7041325aef152) Importer(2089858483,934ff659095e30574adcf32a4c2f97b5)
Start importing Assets/TANKASSETS/Sprites/Smoke.tif using Guid(8e2e7f1c0de3a1e4bab7041325aef152) Importer(2089858483,934ff659095e30574adcf32a4c2f97b5)  -> (artifact id: '400a754e8b2e11f30912405b09a24942') in 0.072412 seconds 
========================================================================
Received Import Request.
  Time since last request: 0.000023 seconds.
  path: Assets/TANKASSETS/Animators/Pumpjack.controller
  artifactKey: Guid(b83bf9933497ccf459675b37a3115920) Importer(2089858483,934ff659095e30574adcf32a4c2f97b5)
Start importing Assets/TANKASSETS/Animators/Pumpjack.controller using Guid(b83bf9933497ccf459675b37a3115920) Importer(2089858483,934ff659095e30574adcf32a4c2f97b5)  -> (artifact id: '98cdc153a61f1016744f800732d6c548') in 0.012032 seconds 
========================================================================
Received Import Request.
  Time since last request: 0.000025 seconds.
  path: Assets/TANKASSETS/Materials/Green.mat
  artifactKey: Guid(c39933e60e73205419d1f79a2af1fdac) Importer(2089858483,934ff659095e30574adcf32a4c2f97b5)
Start importing Assets/TANKASSETS/Materials/Green.mat using Guid(c39933e60e73205419d1f79a2af1fdac) Importer(2089858483,934ff659095e30574adcf32a4c2f97b5)  -> (artifact id: '24b9d3f201d8c5b5e346916006cc6126') in 0.012272 seconds 
========================================================================
Received Import Request.
  Time since last request: 0.000032 seconds.
  path: Assets/TANKASSETS/PostProcessing/Editor/Monitors/VectorscopeMonitor.cs
  artifactKey: Guid(805119df0d94800418006c621cc99cc2) Importer(2089858483,934ff659095e30574adcf32a4c2f97b5)
Start importing Assets/TANKASSETS/PostProcessing/Editor/Monitors/VectorscopeMonitor.cs using Guid(805119df0d94800418006c621cc99cc2) Importer(2089858483,934ff659095e30574adcf32a4c2f97b5)  -> (artifact id: '8c4316fbaf3011a71525f243d790f0c2') in 0.012106 seconds 
========================================================================
Received Import Request.
  Time since last request: 0.000043 seconds.
  path: Assets/Materials/TankColour.mat
  artifactKey: Guid(773dd8c87ea324fa69b08051df62d83b) Importer(2089858483,934ff659095e30574adcf32a4c2f97b5)
Start importing Assets/Materials/TankColour.mat using Guid(773dd8c87ea324fa69b08051df62d83b) Importer(2089858483,934ff659095e30574adcf32a4c2f97b5)  -> (artifact id: 'dae48bc7a5f69da17059055b3bbc9c5c') in 0.011006 seconds 
========================================================================
Received Import Request.
  Time since last request: 0.000039 seconds.
  path: Assets/TANKASSETS/Models/Shell.fbx
  artifactKey: Guid(9ed1e8a25f964bd4298944675e425a0d) Importer(2089858483,934ff659095e30574adcf32a4c2f97b5)
Start importing Assets/TANKASSETS/Models/Shell.fbx using Guid(9ed1e8a25f964bd4298944675e425a0d) Importer(2089858483,934ff659095e30574adcf32a4c2f97b5)  -> (artifact id: '802de5ea983b3e713fc96ea9064e02f9') in 0.015706 seconds 
========================================================================
Received Import Request.
  Time since last request: 0.000045 seconds.
  path: Assets/TANKASSETS/PostProcessing/Editor/Models/DitheringModelEditor.cs
  artifactKey: Guid(87377c86d84f49a4e912d37d28353e7f) Importer(2089858483,934ff659095e30574adcf32a4c2f97b5)
Start importing Assets/TANKASSETS/PostProcessing/Editor/Models/DitheringModelEditor.cs using Guid(87377c86d84f49a4e912d37d28353e7f) Importer(2089858483,934ff659095e30574adcf32a4c2f97b5)  -> (artifact id: 'f076ccf9640e1ab968daa9866e105cb5') in 0.013583 seconds 
========================================================================
Received Import Request.
  Time since last request: 0.000036 seconds.
  path: Assets/TANKASSETS/PostProcessing/Resources/Bluenoise64/COPYING.txt
  artifactKey: Guid(fa3fc398fe396744c9299e70b63bfdd7) Importer(2089858483,934ff659095e30574adcf32a4c2f97b5)
Start importing Assets/TANKASSETS/PostProcessing/Resources/Bluenoise64/COPYING.txt using Guid(fa3fc398fe396744c9299e70b63bfdd7) Importer(2089858483,934ff659095e30574adcf32a4c2f97b5)  -> (artifact id: '812667b71dd42905b1f36249d9a77c69') in 0.013102 seconds 
========================================================================
Received Import Request.
  Time since last request: 0.000032 seconds.
  path: Assets/TANKASSETS/PostProcessing/Editor Resources/Monitors/VectorscopeRender.shader
  artifactKey: Guid(1c4298cd35ef7834e892898e49d61ecd) Importer(2089858483,934ff659095e30574adcf32a4c2f97b5)
Start importing Assets/TANKASSETS/PostProcessing/Editor Resources/Monitors/VectorscopeRender.shader using Guid(1c4298cd35ef7834e892898e49d61ecd) Importer(2089858483,934ff659095e30574adcf32a4c2f97b5)  -> (artifact id: 'e7f8c6e2eb3080bde66d1b92f69ccaf5') in 0.011456 seconds 
========================================================================
Received Import Request.
  Time since last request: 0.000033 seconds.
  path: Assets/TANKASSETS/PostProcessing/Editor/Models/AntialiasingModelEditor.cs
  artifactKey: Guid(2451939fe695c1a408ba688219837667) Importer(2089858483,934ff659095e30574adcf32a4c2f97b5)
Start importing Assets/TANKASSETS/PostProcessing/Editor/Models/AntialiasingModelEditor.cs using Guid(2451939fe695c1a408ba688219837667) Importer(2089858483,934ff659095e30574adcf32a4c2f97b5)  -> (artifact id: 'ab86274b45815d14a92cbe4525669158') in 0.009288 seconds 
========================================================================
Received Import Request.
  Time since last request: 0.000035 seconds.
  path: Assets/TANKASSETS/Fonts/Bowlby_One/BowlbyOne-Regular.ttf
  artifactKey: Guid(3d7fe0a26ba72d949874021dc3d6995e) Importer(2089858483,934ff659095e30574adcf32a4c2f97b5)
Start importing Assets/TANKASSETS/Fonts/Bowlby_One/BowlbyOne-Regular.ttf using Guid(3d7fe0a26ba72d949874021dc3d6995e) Importer(2089858483,934ff659095e30574adcf32a4c2f97b5)  -> (artifact id: '88d798df2c12879aaf2604a516b2c884') in 0.071335 seconds 
========================================================================
Received Import Request.
  Time since last request: 0.000028 seconds.
  path: Assets/TANKASSETS/PostProcessing/Editor/Utils/CurveEditor.cs
  artifactKey: Guid(afb349ef0bffd144db2bdd25630f648e) Importer(2089858483,934ff659095e30574adcf32a4c2f97b5)
Start importing Assets/TANKASSETS/PostProcessing/Editor/Utils/CurveEditor.cs using Guid(afb349ef0bffd144db2bdd25630f648e) Importer(2089858483,934ff659095e30574adcf32a4c2f97b5)  -> (artifact id: 'b3ff47af26e6c187a73f9f6b825149cd') in 0.017620 seconds 
========================================================================
Received Import Request.
  Time since last request: 0.000028 seconds.
  path: Assets/TANKASSETS/Profiles/TanksProfile.asset
  artifactKey: Guid(d2b82a52b13b9014d988055d0b2f939e) Importer(2089858483,934ff659095e30574adcf32a4c2f97b5)
Start importing Assets/TANKASSETS/Profiles/TanksProfile.asset using Guid(d2b82a52b13b9014d988055d0b2f939e) Importer(2089858483,934ff659095e30574adcf32a4c2f97b5)  -> (artifact id: 'adb50fab8446958d28e41d201043e8b4') in 0.020334 seconds 
========================================================================
Received Import Request.
  Time since last request: 0.000028 seconds.
  path: Assets/TANKASSETS/PostProcessing/Resources/Bluenoise64/LDR_LLL1_19.png
  artifactKey: Guid(729a3ae164bcb3b4380459386adcf331) Importer(2089858483,934ff659095e30574adcf32a4c2f97b5)
Start importing Assets/TANKASSETS/PostProcessing/Resources/Bluenoise64/LDR_LLL1_19.png using Guid(729a3ae164bcb3b4380459386adcf331) Importer(2089858483,934ff659095e30574adcf32a4c2f97b5)  -> (artifact id: 'ae4bb0db65fee5d66d9e70657c8660c6') in 0.028634 seconds 
========================================================================
Received Import Request.
  Time since last request: 0.000039 seconds.
  path: Assets/TANKASSETS/PostProcessing/Resources/Bluenoise64/LDR_LLL1_1.png
  artifactKey: Guid(3c2f1fb7e4b66e74191b7c328ada52d9) Importer(2089858483,934ff659095e30574adcf32a4c2f97b5)
Start importing Assets/TANKASSETS/PostProcessing/Resources/Bluenoise64/LDR_LLL1_1.png using Guid(3c2f1fb7e4b66e74191b7c328ada52d9) Importer(2089858483,934ff659095e30574adcf32a4c2f97b5)  -> (artifact id: '9af0c083f920ab3ac12fc8c55db0e4a7') in 0.035029 seconds 
========================================================================
Received Import Request.
  Time since last request: 0.012375 seconds.
  path: Assets/TANKASSETS/PostProcessing/Resources/Bluenoise64/LDR_LLL1_12.png
  artifactKey: Guid(980acadb960f8424c94307ec0e585b4e) Importer(2089858483,934ff659095e30574adcf32a4c2f97b5)
Start importing Assets/TANKASSETS/PostProcessing/Resources/Bluenoise64/LDR_LLL1_12.png using Guid(980acadb960f8424c94307ec0e585b4e) Importer(2089858483,934ff659095e30574adcf32a4c2f97b5)  -> (artifact id: 'df36aed7194e7bbe1675549f81127778') in 0.064767 seconds 
========================================================================
Received Import Request.
  Time since last request: 0.000034 seconds.
  path: Assets/TANKASSETS/PostProcessing/Resources/Bluenoise64/LDR_LLL1_24.png
  artifactKey: Guid(32c6a5f7143b86c44bd5cdee2ff3f8ad) Importer(2089858483,934ff659095e30574adcf32a4c2f97b5)
Start importing Assets/TANKASSETS/PostProcessing/Resources/Bluenoise64/LDR_LLL1_24.png using Guid(32c6a5f7143b86c44bd5cdee2ff3f8ad) Importer(2089858483,934ff659095e30574adcf32a4c2f97b5)  -> (artifact id: '7a20db81336b0e820a8bb90b05e6cb6d') in 0.044120 seconds 
========================================================================
Received Import Request.
  Time since last request: 0.000037 seconds.
  path: Assets/TANKASSETS/PostProcessing/Resources/Bluenoise64/LDR_LLL1_20.png
  artifactKey: Guid(6dda07f1420a968449cf4c6620c44d9f) Importer(2089858483,934ff659095e30574adcf32a4c2f97b5)
Start importing Assets/TANKASSETS/PostProcessing/Resources/Bluenoise64/LDR_LLL1_20.png using Guid(6dda07f1420a968449cf4c6620c44d9f) Importer(2089858483,934ff659095e30574adcf32a4c2f97b5)  -> (artifact id: '37fe8f8c234782049907d8a26d5fdf31') in 0.043709 seconds 
========================================================================
Received Import Request.
  Time since last request: 0.000022 seconds.
  path: Assets/TANKASSETS/PostProcessing/Resources/Bluenoise64/LDR_LLL1_5.png
  artifactKey: Guid(a1ae041906217ae44a774d4ca139af50) Importer(2089858483,934ff659095e30574adcf32a4c2f97b5)
Start importing Assets/TANKASSETS/PostProcessing/Resources/Bluenoise64/LDR_LLL1_5.png using Guid(a1ae041906217ae44a774d4ca139af50) Importer(2089858483,934ff659095e30574adcf32a4c2f97b5)  -> (artifact id: '8088a2081bdea809c34d15d3aee405de') in 0.055987 seconds 
========================================================================
Received Import Request.
  Time since last request: 0.000026 seconds.
  path: Assets/TANKASSETS/PostProcessing/Resources/Bluenoise64/LDR_LLL1_3.png
  artifactKey: Guid(373f9bf6b0841af4ebf26d25e4a3f4e2) Importer(2089858483,934ff659095e30574adcf32a4c2f97b5)
Start importing Assets/TANKASSETS/PostProcessing/Resources/Bluenoise64/LDR_LLL1_3.png using Guid(373f9bf6b0841af4ebf26d25e4a3f4e2) Importer(2089858483,934ff659095e30574adcf32a4c2f97b5)  -> (artifact id: 'dab5e7ab626ab092cb1d155153b21a7c') in 0.056239 seconds 
========================================================================
Received Import Request.
  Time since last request: 0.000031 seconds.
  path: Assets/TANKASSETS/PostProcessing/Resources/Bluenoise64/LDR_LLL1_36.png
  artifactKey: Guid(351e95d0e20a54849bd4ce5f9b498934) Importer(2089858483,934ff659095e30574adcf32a4c2f97b5)
Start importing Assets/TANKASSETS/PostProcessing/Resources/Bluenoise64/LDR_LLL1_36.png using Guid(351e95d0e20a54849bd4ce5f9b498934) Importer(2089858483,934ff659095e30574adcf32a4c2f97b5)  -> (artifact id: '4d38934fd99b09ccda31ec47f9e871f5') in 0.041306 seconds 
========================================================================
Received Import Request.
  Time since last request: 0.000037 seconds.
  path: Assets/TANKASSETS/PostProcessing/Resources/Bluenoise64/LDR_LLL1_4.png
  artifactKey: Guid(6fa5cf178eaaa5f42b820f636bb6e0bd) Importer(2089858483,934ff659095e30574adcf32a4c2f97b5)
Start importing Assets/TANKASSETS/PostProcessing/Resources/Bluenoise64/LDR_LLL1_4.png using Guid(6fa5cf178eaaa5f42b820f636bb6e0bd) Importer(2089858483,934ff659095e30574adcf32a4c2f97b5)  -> (artifact id: '975f50571d9a86d5c663672dfa97e9eb') in 0.023050 seconds 
========================================================================
Received Import Request.
  Time since last request: 0.000030 seconds.
  path: Assets/TANKASSETS/PostProcessing/Resources/Bluenoise64/LDR_LLL1_25.png
  artifactKey: Guid(f4b8ab78b57749d4e96d36f6d8a395d0) Importer(2089858483,934ff659095e30574adcf32a4c2f97b5)
Start importing Assets/TANKASSETS/PostProcessing/Resources/Bluenoise64/LDR_LLL1_25.png using Guid(f4b8ab78b57749d4e96d36f6d8a395d0) Importer(2089858483,934ff659095e30574adcf32a4c2f97b5)  -> (artifact id: '8030429110139062dfd144cbe9a52e49') in 0.012158 seconds 
========================================================================
Received Import Request.
  Time since last request: 0.000036 seconds.
  path: Assets/TANKASSETS/PostProcessing/Resources/Bluenoise64/LDR_LLL1_29.png
  artifactKey: Guid(aa80dc44aa4fe4c43bb9d51d90cf2958) Importer(2089858483,934ff659095e30574adcf32a4c2f97b5)
Start importing Assets/TANKASSETS/PostProcessing/Resources/Bluenoise64/LDR_LLL1_29.png using Guid(aa80dc44aa4fe4c43bb9d51d90cf2958) Importer(2089858483,934ff659095e30574adcf32a4c2f97b5)  -> (artifact id: 'd6007ba0c670c8a65ba582a485afc66a') in 0.017042 seconds 
========================================================================
Received Import Request.
  Time since last request: 0.000026 seconds.
  path: Assets/TANKASSETS/PostProcessing/Resources/Bluenoise64/LDR_LLL1_17.png
  artifactKey: Guid(bf95b6fdc179b0e4f890c841406193fc) Importer(2089858483,934ff659095e30574adcf32a4c2f97b5)
Start importing Assets/TANKASSETS/PostProcessing/Resources/Bluenoise64/LDR_LLL1_17.png using Guid(bf95b6fdc179b0e4f890c841406193fc) Importer(2089858483,934ff659095e30574adcf32a4c2f97b5)  -> (artifact id: '485c12246e0c83d60219081b876c0311') in 0.019966 seconds 
========================================================================
Received Import Request.
  Time since last request: 0.000023 seconds.
  path: Assets/TANKASSETS/PostProcessing/Resources/Bluenoise64/LDR_LLL1_32.png
  artifactKey: Guid(87a5e40cc271ea648b583616f6ebe7fe) Importer(2089858483,934ff659095e30574adcf32a4c2f97b5)
Start importing Assets/TANKASSETS/PostProcessing/Resources/Bluenoise64/LDR_LLL1_32.png using Guid(87a5e40cc271ea648b583616f6ebe7fe) Importer(2089858483,934ff659095e30574adcf32a4c2f97b5)  -> (artifact id: '6eabe2bb4b8d76ef250dc49c7ed4d308') in 0.023865 seconds 
========================================================================
Received Import Request.
  Time since last request: 0.000032 seconds.
  path: Assets/TANKASSETS/PostProcessing/Resources/Bluenoise64/LDR_LLL1_8.png
  artifactKey: Guid(c55042318a938344ab23cd7f09dd0076) Importer(2089858483,934ff659095e30574adcf32a4c2f97b5)
Start importing Assets/TANKASSETS/PostProcessing/Resources/Bluenoise64/LDR_LLL1_8.png using Guid(c55042318a938344ab23cd7f09dd0076) Importer(2089858483,934ff659095e30574adcf32a4c2f97b5)  -> (artifact id: 'ae7da761ca927e712ffd24b382e3a239') in 0.025447 seconds 
========================================================================
Received Import Request.
  Time since last request: 0.000032 seconds.
  path: Assets/TANKASSETS/PostProcessing/Resources/Bluenoise64/LDR_LLL1_6.png
  artifactKey: Guid(79b86f3419b87f3429164a956da8cfab) Importer(2089858483,934ff659095e30574adcf32a4c2f97b5)
Start importing Assets/TANKASSETS/PostProcessing/Resources/Bluenoise64/LDR_LLL1_6.png using Guid(79b86f3419b87f3429164a956da8cfab) Importer(2089858483,934ff659095e30574adcf32a4c2f97b5)  -> (artifact id: '928c09bebe8e6db1a09186b2ce35c218') in 0.062724 seconds 
========================================================================
Received Import Request.
  Time since last request: 0.000036 seconds.
  path: Assets/TANKASSETS/PostProcessing/Resources/Shaders/DepthOfField.cginc
  artifactKey: Guid(ddc2c19b8a216d748a357ffe32ba4dc1) Importer(2089858483,934ff659095e30574adcf32a4c2f97b5)
Start importing Assets/TANKASSETS/PostProcessing/Resources/Shaders/DepthOfField.cginc using Guid(ddc2c19b8a216d748a357ffe32ba4dc1) Importer(2089858483,934ff659095e30574adcf32a4c2f97b5)  -> (artifact id: '3c31808ad8abbb89b0a33a0354a217a1') in 0.015997 seconds 
========================================================================
Received Import Request.
  Time since last request: 0.000034 seconds.
  path: Assets/TANKASSETS/PostProcessing/Resources/Bluenoise64/LDR_LLL1_57.png
  artifactKey: Guid(e138166e7a7c70f49943be7edda35d35) Importer(2089858483,934ff659095e30574adcf32a4c2f97b5)
Start importing Assets/TANKASSETS/PostProcessing/Resources/Bluenoise64/LDR_LLL1_57.png using Guid(e138166e7a7c70f49943be7edda35d35) Importer(2089858483,934ff659095e30574adcf32a4c2f97b5)  -> (artifact id: '10cf455e79427b45aa661617fed31c0f') in 0.031599 seconds 
========================================================================
Received Import Request.
  Time since last request: 0.000023 seconds.
  path: Assets/TANKASSETS/PostProcessing/Resources/Bluenoise64/LDR_LLL1_63.png
  artifactKey: Guid(4a11d65ce13d5f542a0ff136cc2f3fba) Importer(2089858483,934ff659095e30574adcf32a4c2f97b5)
Start importing Assets/TANKASSETS/PostProcessing/Resources/Bluenoise64/LDR_LLL1_63.png using Guid(4a11d65ce13d5f542a0ff136cc2f3fba) Importer(2089858483,934ff659095e30574adcf32a4c2f97b5)  -> (artifact id: '85e55b490e0f7cb63ba86d4d9a4ef35c') in 0.021978 seconds 
========================================================================
Received Import Request.
  Time since last request: 0.000031 seconds.
  path: Assets/TANKASSETS/PostProcessing/Resources/Bluenoise64/LDR_LLL1_59.png
  artifactKey: Guid(d96974690c77f50489eb60ec84bd8dac) Importer(2089858483,934ff659095e30574adcf32a4c2f97b5)
Start importing Assets/TANKASSETS/PostProcessing/Resources/Bluenoise64/LDR_LLL1_59.png using Guid(d96974690c77f50489eb60ec84bd8dac) Importer(2089858483,934ff659095e30574adcf32a4c2f97b5)  -> (artifact id: 'c35df5a26e62cf4a1d954b4b0a5509b3') in 0.044373 seconds 
========================================================================
Received Import Request.
  Time since last request: 0.000023 seconds.
  path: Assets/TANKASSETS/PostProcessing/Resources/Bluenoise64/LDR_LLL1_7.png
  artifactKey: Guid(3ac02e7e783571c468f9c086d2384ba7) Importer(2089858483,934ff659095e30574adcf32a4c2f97b5)
Start importing Assets/TANKASSETS/PostProcessing/Resources/Bluenoise64/LDR_LLL1_7.png using Guid(3ac02e7e783571c468f9c086d2384ba7) Importer(2089858483,934ff659095e30574adcf32a4c2f97b5)  -> (artifact id: 'a0190046c20d88cf4e428dfe7eebad3f') in 0.021750 seconds 
========================================================================
Received Import Request.
  Time since last request: 0.000024 seconds.
  path: Assets/TANKASSETS/PostProcessing/Resources/Bluenoise64/LDR_LLL1_56.png
  artifactKey: Guid(70f23eaf7d8ae9147aa542d20e93733b) Importer(2089858483,934ff659095e30574adcf32a4c2f97b5)
Start importing Assets/TANKASSETS/PostProcessing/Resources/Bluenoise64/LDR_LLL1_56.png using Guid(70f23eaf7d8ae9147aa542d20e93733b) Importer(2089858483,934ff659095e30574adcf32a4c2f97b5)  -> (artifact id: '0a0f0841c374e9e5abc920ee219706c8') in 0.037270 seconds 
========================================================================
Received Import Request.
  Time since last request: 0.000027 seconds.
  path: Assets/TANKASSETS/PostProcessing/Resources/Bluenoise64/LDR_LLL1_58.png
  artifactKey: Guid(85a45a6d8b2ffb84987d2b028ecfb220) Importer(2089858483,934ff659095e30574adcf32a4c2f97b5)
Start importing Assets/TANKASSETS/PostProcessing/Resources/Bluenoise64/LDR_LLL1_58.png using Guid(85a45a6d8b2ffb84987d2b028ecfb220) Importer(2089858483,934ff659095e30574adcf32a4c2f97b5)  -> (artifact id: 'e3d4cf514973c3c4baa980cb740ee0e6') in 0.021427 seconds 
========================================================================
Received Import Request.
  Time since last request: 0.000023 seconds.
  path: Assets/TANKASSETS/PostProcessing/Resources/Bluenoise64/LDR_LLL1_33.png
  artifactKey: Guid(b71bb466b71fd13449dd736f63caeb67) Importer(2089858483,934ff659095e30574adcf32a4c2f97b5)
Start importing Assets/TANKASSETS/PostProcessing/Resources/Bluenoise64/LDR_LLL1_33.png using Guid(b71bb466b71fd13449dd736f63caeb67) Importer(2089858483,934ff659095e30574adcf32a4c2f97b5)  -> (artifact id: '252d944128b2895f095179b5cd05ab67') in 0.041194 seconds 
========================================================================
Received Import Request.
  Time since last request: 0.000033 seconds.
  path: Assets/TANKASSETS/PostProcessing/Resources/Bluenoise64/LDR_LLL1_35.png
  artifactKey: Guid(0a79c155edf9b2d429d4736abee5acdb) Importer(2089858483,934ff659095e30574adcf32a4c2f97b5)
Start importing Assets/TANKASSETS/PostProcessing/Resources/Bluenoise64/LDR_LLL1_35.png using Guid(0a79c155edf9b2d429d4736abee5acdb) Importer(2089858483,934ff659095e30574adcf32a4c2f97b5)  -> (artifact id: '49765d3b7243132089cb61b97d840214') in 0.034274 seconds 
========================================================================
Received Import Request.
  Time since last request: 0.000029 seconds.
  path: Assets/WPTank.unity
  artifactKey: Guid(d8129ecf54f524338aee86f026c29cb0) Importer(2089858483,934ff659095e30574adcf32a4c2f97b5)
Start importing Assets/WPTank.unity using Guid(d8129ecf54f524338aee86f026c29cb0) Importer(2089858483,934ff659095e30574adcf32a4c2f97b5)  -> (artifact id: 'c7b47e3f37e839c221717f9afa38d715') in 0.010883 seconds 
========================================================================
Received Import Request.
  Time since last request: 0.000026 seconds.
  path: Assets/TANKASSETS/Materials/Grey.mat
  artifactKey: Guid(db9ceca9e86a2724aaa5c3df2991dba7) Importer(2089858483,934ff659095e30574adcf32a4c2f97b5)
Start importing Assets/TANKASSETS/Materials/Grey.mat using Guid(db9ceca9e86a2724aaa5c3df2991dba7) Importer(2089858483,934ff659095e30574adcf32a4c2f97b5)  -> (artifact id: 'c8180faa35a0215be0e3d31647d3a153') in 0.012122 seconds 
========================================================================
Received Import Request.
  Time since last request: 0.000028 seconds.
  path: Assets/TANKASSETS/Models/Cow.fbx
  artifactKey: Guid(961487dad48770a4d867fcbcca1e5950) Importer(2089858483,934ff659095e30574adcf32a4c2f97b5)
Start importing Assets/TANKASSETS/Models/Cow.fbx using Guid(961487dad48770a4d867fcbcca1e5950) Importer(2089858483,934ff659095e30574adcf32a4c2f97b5)  -> (artifact id: 'ba104e13065f48e81a299189dacfdc41') in 0.013040 seconds 
========================================================================
Received Import Request.
  Time since last request: 0.000023 seconds.
  path: Assets/TANKASSETS/Models/Concrete.fbx
  artifactKey: Guid(a678ab9f67b4ce84093be35214bdb92d) Importer(2089858483,934ff659095e30574adcf32a4c2f97b5)
Start importing Assets/TANKASSETS/Models/Concrete.fbx using Guid(a678ab9f67b4ce84093be35214bdb92d) Importer(2089858483,934ff659095e30574adcf32a4c2f97b5)  -> (artifact id: '947dfc02a647cd4ff4c534940a14ef4a') in 0.014207 seconds 
========================================================================
Received Import Request.
  Time since last request: 0.000032 seconds.
  path: Assets/TANKASSETS/Materials/White.mat
  artifactKey: Guid(c0d660c0333c4224098a02ecd84d6232) Importer(2089858483,934ff659095e30574adcf32a4c2f97b5)
Start importing Assets/TANKASSETS/Materials/White.mat using Guid(c0d660c0333c4224098a02ecd84d6232) Importer(2089858483,934ff659095e30574adcf32a4c2f97b5)  -> (artifact id: '46a802a83d68aa9bcdf29fb1b96daf1a') in 0.018539 seconds 
========================================================================
Received Import Request.
  Time since last request: 0.000022 seconds.
  path: Assets/TANKASSETS/PostProcessing/Editor Resources/Monitors/VectorscopeCompute.compute
  artifactKey: Guid(45de9ff58691e934c9810dc23de2ba50) Importer(2089858483,934ff659095e30574adcf32a4c2f97b5)
Start importing Assets/TANKASSETS/PostProcessing/Editor Resources/Monitors/VectorscopeCompute.compute using Guid(45de9ff58691e934c9810dc23de2ba50) Importer(2089858483,934ff659095e30574adcf32a4c2f97b5)  -> (artifact id: '5343f7d15f7630a899dd6ab55715bdfe') in 0.012019 seconds 
========================================================================
Received Import Request.
  Time since last request: 0.000023 seconds.
  path: Assets/TANKASSETS/PostProcessing/Runtime/Components/AmbientOcclusionComponent.cs
  artifactKey: Guid(c6e33ce72d3776b408121f946283403d) Importer(2089858483,934ff659095e30574adcf32a4c2f97b5)
Start importing Assets/TANKASSETS/PostProcessing/Runtime/Components/AmbientOcclusionComponent.cs using Guid(c6e33ce72d3776b408121f946283403d) Importer(2089858483,934ff659095e30574adcf32a4c2f97b5)  -> (artifact id: '91cd3fe5941211ed109b54ede729ea6f') in 0.011758 seconds 
========================================================================
Received Import Request.
  Time since last request: 0.000048 seconds.
  path: Assets/TANKASSETS/PostProcessing/Runtime/Attributes/TrackballGroupAttribute.cs
  artifactKey: Guid(aa62a51ebe4821e4b89a64d267b30a27) Importer(2089858483,934ff659095e30574adcf32a4c2f97b5)
Start importing Assets/TANKASSETS/PostProcessing/Runtime/Attributes/TrackballGroupAttribute.cs using Guid(aa62a51ebe4821e4b89a64d267b30a27) Importer(2089858483,934ff659095e30574adcf32a4c2f97b5)  -> (artifact id: '52728ef937dce7e88caf86a782266e9d') in 0.011741 seconds 
========================================================================
Received Import Request.
  Time since last request: 0.000032 seconds.
  path: Assets/TANKASSETS/PostProcessing/Resources/Shaders/Fog.shader
  artifactKey: Guid(2a72fc91cbae3cc4686a6143e8517993) Importer(2089858483,934ff659095e30574adcf32a4c2f97b5)
Start importing Assets/TANKASSETS/PostProcessing/Resources/Shaders/Fog.shader using Guid(2a72fc91cbae3cc4686a6143e8517993) Importer(2089858483,934ff659095e30574adcf32a4c2f97b5)  -> (artifact id: 'dcbb1247d81339cc60ce5bf41a3c1eb8') in 0.011945 seconds 
========================================================================
Received Import Request.
  Time since last request: 0.000024 seconds.
  path: Assets/TANKASSETS/PostProcessing/Runtime/Attributes/GetSetAttribute.cs
  artifactKey: Guid(f17e8602928ea02419dae051ec79c5a2) Importer(2089858483,934ff659095e30574adcf32a4c2f97b5)
Start importing Assets/TANKASSETS/PostProcessing/Runtime/Attributes/GetSetAttribute.cs using Guid(f17e8602928ea02419dae051ec79c5a2) Importer(2089858483,934ff659095e30574adcf32a4c2f97b5)  -> (artifact id: '7fff68ee38425068dedd2f764f90a744') in 0.011913 seconds 
========================================================================
Received Import Request.
  Time since last request: 0.000024 seconds.
  path: Assets/TANKASSETS/PostProcessing/Resources/Shaders/EyeAdaptation.shader
  artifactKey: Guid(81899cddfbc72494497a6db0ae045f2c) Importer(2089858483,934ff659095e30574adcf32a4c2f97b5)
Start importing Assets/TANKASSETS/PostProcessing/Resources/Shaders/EyeAdaptation.shader using Guid(81899cddfbc72494497a6db0ae045f2c) Importer(2089858483,934ff659095e30574adcf32a4c2f97b5)  -> (artifact id: '468f3df7c053694e1904b8e1118b8b22') in 0.011306 seconds 
========================================================================
Received Import Request.
  Time since last request: 0.000027 seconds.
  path: Assets/TANKASSETS/PostProcessing/Resources/Shaders/Tonemapping.cginc
  artifactKey: Guid(0a999e641c982a14d9c68dfd53a98afc) Importer(2089858483,934ff659095e30574adcf32a4c2f97b5)
Start importing Assets/TANKASSETS/PostProcessing/Resources/Shaders/Tonemapping.cginc using Guid(0a999e641c982a14d9c68dfd53a98afc) Importer(2089858483,934ff659095e30574adcf32a4c2f97b5)  -> (artifact id: '7aacc69d734df453541e7c5169f8f0bb') in 0.012479 seconds 
========================================================================
Received Import Request.
  Time since last request: 0.000023 seconds.
  path: Assets/TANKASSETS/PostProcessing/Runtime/Components/FxaaComponent.cs
  artifactKey: Guid(d4e1109c5030ca04e9a28243a35155ff) Importer(2089858483,934ff659095e30574adcf32a4c2f97b5)
Start importing Assets/TANKASSETS/PostProcessing/Runtime/Components/FxaaComponent.cs using Guid(d4e1109c5030ca04e9a28243a35155ff) Importer(2089858483,934ff659095e30574adcf32a4c2f97b5)  -> (artifact id: '69f8fac3d6973a58ac5346dc1a4693ff') in 0.009560 seconds 
========================================================================
Received Import Request.
  Time since last request: 0.000031 seconds.
  path: Assets/TANKASSETS/PostProcessing/Runtime/Components/BloomComponent.cs
  artifactKey: Guid(acd4204a794b09048b928b1e987500c5) Importer(2089858483,934ff659095e30574adcf32a4c2f97b5)
Start importing Assets/TANKASSETS/PostProcessing/Runtime/Components/BloomComponent.cs using Guid(acd4204a794b09048b928b1e987500c5) Importer(2089858483,934ff659095e30574adcf32a4c2f97b5)  -> (artifact id: '071848474f27e4768e90dd32077f2197') in 0.009896 seconds 
========================================================================
Received Import Request.
  Time since last request: 0.000030 seconds.
  path: Assets/TANKASSETS/PostProcessing/Resources/Shaders/TAA.cginc
  artifactKey: Guid(241b7a6a033e9dc4da9d2595cef7f477) Importer(2089858483,934ff659095e30574adcf32a4c2f97b5)
Start importing Assets/TANKASSETS/PostProcessing/Resources/Shaders/TAA.cginc using Guid(241b7a6a033e9dc4da9d2595cef7f477) Importer(2089858483,934ff659095e30574adcf32a4c2f97b5)  -> (artifact id: 'd4ed898a965b65eb2d4b8f53f1c98b9a') in 0.011284 seconds 
========================================================================
Received Import Request.
  Time since last request: 0.000038 seconds.
  path: Assets/TANKASSETS/PostProcessing/Resources/Shaders/EyeHistogram.compute
  artifactKey: Guid(e213272ad8ff213409a6e13b5c26b4e4) Importer(2089858483,934ff659095e30574adcf32a4c2f97b5)
Start importing Assets/TANKASSETS/PostProcessing/Resources/Shaders/EyeHistogram.compute using Guid(e213272ad8ff213409a6e13b5c26b4e4) Importer(2089858483,934ff659095e30574adcf32a4c2f97b5)  -> (artifact id: 'c5da5b39fab2fde53d1886139f55cdf2') in 0.008966 seconds 
========================================================================
Received Import Request.
  Time since last request: 0.000031 seconds.
  path: Assets/TANKASSETS/PostProcessing/Resources/Shaders/UberSecondPass.cginc
  artifactKey: Guid(b6e42614562a56445ba4b5d90301f06f) Importer(2089858483,934ff659095e30574adcf32a4c2f97b5)
Start importing Assets/TANKASSETS/PostProcessing/Resources/Shaders/UberSecondPass.cginc using Guid(b6e42614562a56445ba4b5d90301f06f) Importer(2089858483,934ff659095e30574adcf32a4c2f97b5)  -> (artifact id: 'bf27b567781275681518e49e8b5bc967') in 0.008816 seconds 
========================================================================
Received Import Request.
  Time since last request: 0.000034 seconds.
  path: Assets/TANKASSETS/PostProcessing/Runtime/Attributes/MinAttribute.cs
  artifactKey: Guid(9af2f505033843c46a362e251937acb1) Importer(2089858483,934ff659095e30574adcf32a4c2f97b5)
Start importing Assets/TANKASSETS/PostProcessing/Runtime/Attributes/MinAttribute.cs using Guid(9af2f505033843c46a362e251937acb1) Importer(2089858483,934ff659095e30574adcf32a4c2f97b5)  -> (artifact id: '30de63f0dae5208a499b0e1801030952') in 0.011534 seconds 
========================================================================
Received Import Request.
  Time since last request: 0.000030 seconds.
  path: Assets/TANKASSETS/PostProcessing/Runtime/Components/MotionBlurComponent.cs
  artifactKey: Guid(9a9ae59cbb7c53e40851df7f32805098) Importer(2089858483,934ff659095e30574adcf32a4c2f97b5)
Start importing Assets/TANKASSETS/PostProcessing/Runtime/Components/MotionBlurComponent.cs using Guid(9a9ae59cbb7c53e40851df7f32805098) Importer(2089858483,934ff659095e30574adcf32a4c2f97b5)  -> (artifact id: 'e03858043d0838f26eda587a4f0e2aee') in 0.010661 seconds 
========================================================================
Received Import Request.
  Time since last request: 0.000036 seconds.
  path: Assets/TANKASSETS/PostProcessing/Resources/Shaders/MotionBlur.cginc
  artifactKey: Guid(c83956915580e42489479d2a109470ab) Importer(2089858483,934ff659095e30574adcf32a4c2f97b5)
Start importing Assets/TANKASSETS/PostProcessing/Resources/Shaders/MotionBlur.cginc using Guid(c83956915580e42489479d2a109470ab) Importer(2089858483,934ff659095e30574adcf32a4c2f97b5)  -> (artifact id: '120057fe131be1f744f4bba30355675e') in 0.009260 seconds 
========================================================================
Received Import Request.
  Time since last request: 0.000022 seconds.
  path: Assets/TANKASSETS/PostProcessing/Resources/Shaders/FXAA3.cginc
  artifactKey: Guid(613b4036a9f55c34fb054bde02455e46) Importer(2089858483,934ff659095e30574adcf32a4c2f97b5)
Start importing Assets/TANKASSETS/PostProcessing/Resources/Shaders/FXAA3.cginc using Guid(613b4036a9f55c34fb054bde02455e46) Importer(2089858483,934ff659095e30574adcf32a4c2f97b5)  -> (artifact id: '3ba85cc7f5e30d8d90dd84052be2a968') in 0.009910 seconds 
========================================================================
Received Import Request.
  Time since last request: 0.000022 seconds.
  path: Assets/TANKASSETS/PostProcessing/Resources/Shaders/MotionBlur.shader
  artifactKey: Guid(6ab8493603d8f8e408750b81666a95f1) Importer(2089858483,934ff659095e30574adcf32a4c2f97b5)
Start importing Assets/TANKASSETS/PostProcessing/Resources/Shaders/MotionBlur.shader using Guid(6ab8493603d8f8e408750b81666a95f1) Importer(2089858483,934ff659095e30574adcf32a4c2f97b5)  -> (artifact id: 'bcf60becb2d0fadee6cb430c2060f7ab') in 0.007767 seconds 
========================================================================
Received Import Request.
  Time since last request: 0.000021 seconds.
  path: Assets/TANKASSETS/PostProcessing/Editor Resources/UI/Trackball.shader
  artifactKey: Guid(4bf49309c7ab9eb42a86774d2c09b4fa) Importer(2089858483,934ff659095e30574adcf32a4c2f97b5)
Start importing Assets/TANKASSETS/PostProcessing/Editor Resources/UI/Trackball.shader using Guid(4bf49309c7ab9eb42a86774d2c09b4fa) Importer(2089858483,934ff659095e30574adcf32a4c2f97b5)  -> (artifact id: '6c307ba28010032bb9cebb280b621890') in 0.008617 seconds 
========================================================================
Received Import Request.
  Time since last request: 0.000023 seconds.
  path: Assets/TANKASSETS/PostProcessing/Resources/Bluenoise64/LDR_LLL1_10.png
  artifactKey: Guid(afe1e502240079342a0a980484b6da8b) Importer(2089858483,934ff659095e30574adcf32a4c2f97b5)
Start importing Assets/TANKASSETS/PostProcessing/Resources/Bluenoise64/LDR_LLL1_10.png using Guid(afe1e502240079342a0a980484b6da8b) Importer(2089858483,934ff659095e30574adcf32a4c2f97b5)  -> (artifact id: 'ffaf70deaecdf26d477db8014a52bca6') in 0.047189 seconds 
========================================================================
Received Import Request.
  Time since last request: 0.000019 seconds.
  path: Assets/TANKASSETS/PostProcessing/Resources/Shaders/BuiltinDebugViews.shader
  artifactKey: Guid(72127ba7dd8c6b04bb3f29c7ee669813) Importer(2089858483,934ff659095e30574adcf32a4c2f97b5)
Start importing Assets/TANKASSETS/PostProcessing/Resources/Shaders/BuiltinDebugViews.shader using Guid(72127ba7dd8c6b04bb3f29c7ee669813) Importer(2089858483,934ff659095e30574adcf32a4c2f97b5)  -> (artifact id: '1f7ac50c31da56a64b1ac361dfa26c24') in 0.009770 seconds 
========================================================================
Received Import Request.
  Time since last request: 0.000025 seconds.
  path: Assets/TANKASSETS/PostProcessing/Resources/Bluenoise64/LDR_LLL1_46.png
  artifactKey: Guid(8ecbbcae4cc747a4abbc4adce795d25e) Importer(2089858483,934ff659095e30574adcf32a4c2f97b5)
Start importing Assets/TANKASSETS/PostProcessing/Resources/Bluenoise64/LDR_LLL1_46.png using Guid(8ecbbcae4cc747a4abbc4adce795d25e) Importer(2089858483,934ff659095e30574adcf32a4c2f97b5)  -> (artifact id: '046ab7a17d1ea10b430d2dd2bccd6914') in 0.043597 seconds 
========================================================================
Received Import Request.
  Time since last request: 0.000025 seconds.
  path: Assets/TANKASSETS/PostProcessing/Resources/Bluenoise64/LDR_LLL1_14.png
  artifactKey: Guid(f6439b54b28f3884eb67579dec0b6f21) Importer(2089858483,934ff659095e30574adcf32a4c2f97b5)
Start importing Assets/TANKASSETS/PostProcessing/Resources/Bluenoise64/LDR_LLL1_14.png using Guid(f6439b54b28f3884eb67579dec0b6f21) Importer(2089858483,934ff659095e30574adcf32a4c2f97b5)  -> (artifact id: '1a7203761eeb0db0f05dd294b6acdbee') in 0.020801 seconds 
========================================================================
Received Import Request.
  Time since last request: 0.000034 seconds.
  path: Assets/TANKASSETS/PostProcessing/Editor/PostProcessingMonitor.cs
  artifactKey: Guid(801186e9e649457469bcddd8ee391c71) Importer(2089858483,934ff659095e30574adcf32a4c2f97b5)
Start importing Assets/TANKASSETS/PostProcessing/Editor/PostProcessingMonitor.cs using Guid(801186e9e649457469bcddd8ee391c71) Importer(2089858483,934ff659095e30574adcf32a4c2f97b5)  -> (artifact id: 'e0c17379a9da9e3d1ca2784dc3568840') in 0.009113 seconds 
========================================================================
Received Import Request.
  Time since last request: 0.000022 seconds.
  path: Assets/TANKASSETS/PostProcessing/Resources/Bluenoise64/LDR_LLL1_51.png
  artifactKey: Guid(d5a51525b27e3ee4aadbeb39cbcf0750) Importer(2089858483,934ff659095e30574adcf32a4c2f97b5)
Start importing Assets/TANKASSETS/PostProcessing/Resources/Bluenoise64/LDR_LLL1_51.png using Guid(d5a51525b27e3ee4aadbeb39cbcf0750) Importer(2089858483,934ff659095e30574adcf32a4c2f97b5)  -> (artifact id: '7ab57811ffc5c766f68afb2c665b132c') in 0.028444 seconds 
========================================================================
Received Import Request.
  Time since last request: 0.000040 seconds.
  path: Assets/TANKASSETS/PostProcessing/Resources/Bluenoise64/LDR_LLL1_47.png
  artifactKey: Guid(1378a33cdd085d64c9da863d2484ff21) Importer(2089858483,934ff659095e30574adcf32a4c2f97b5)
Start importing Assets/TANKASSETS/PostProcessing/Resources/Bluenoise64/LDR_LLL1_47.png using Guid(1378a33cdd085d64c9da863d2484ff21) Importer(2089858483,934ff659095e30574adcf32a4c2f97b5)  -> (artifact id: '90a9e4351f6843a9d0fe3a3f35b833ad') in 0.059043 seconds 
========================================================================
Received Import Request.
  Time since last request: 0.000038 seconds.
  path: Assets/TANKASSETS/Materials/Dust.mat
  artifactKey: Guid(424be3af6ad117140887d3e652a89d24) Importer(2089858483,934ff659095e30574adcf32a4c2f97b5)
Start importing Assets/TANKASSETS/Materials/Dust.mat using Guid(424be3af6ad117140887d3e652a89d24) Importer(2089858483,934ff659095e30574adcf32a4c2f97b5)  -> (artifact id: 'b9c710ebd762609a753c6596a49f203d') in 0.039495 seconds 
========================================================================
Received Import Request.
  Time since last request: 0.000035 seconds.
  path: Assets/TANKASSETS/PostProcessing/Editor/Models/ChromaticAberrationEditor.cs
  artifactKey: Guid(8a713f71a0169794a915a081f6242f60) Importer(2089858483,934ff659095e30574adcf32a4c2f97b5)
Start importing Assets/TANKASSETS/PostProcessing/Editor/Models/ChromaticAberrationEditor.cs using Guid(8a713f71a0169794a915a081f6242f60) Importer(2089858483,934ff659095e30574adcf32a4c2f97b5)  -> (artifact id: 'd807ba34fdff43a14059490128032fd4') in 0.020359 seconds 
========================================================================
Received Import Request.
  Time since last request: 0.000040 seconds.
  path: Assets/TANKASSETS/PostProcessing/Resources/Bluenoise64/LDR_LLL1_2.png
  artifactKey: Guid(a469f920b21fc7c4fb5b950917ce2fb2) Importer(2089858483,934ff659095e30574adcf32a4c2f97b5)
Start importing Assets/TANKASSETS/PostProcessing/Resources/Bluenoise64/LDR_LLL1_2.png using Guid(a469f920b21fc7c4fb5b950917ce2fb2) Importer(2089858483,934ff659095e30574adcf32a4c2f97b5)  -> (artifact id: '1a2a763c0991e1618251175a7525866f') in 0.057043 seconds 
========================================================================
Received Import Request.
  Time since last request: 0.000034 seconds.
  path: Assets/TANKASSETS/PostProcessing/Runtime/Components/DitheringComponent.cs
  artifactKey: Guid(35ceb4b3cfab56d43a3f0efeb9d68c43) Importer(2089858483,934ff659095e30574adcf32a4c2f97b5)
Start importing Assets/TANKASSETS/PostProcessing/Runtime/Components/DitheringComponent.cs using Guid(35ceb4b3cfab56d43a3f0efeb9d68c43) Importer(2089858483,934ff659095e30574adcf32a4c2f97b5)  -> (artifact id: 'fbd349bd40b53d393a9430153198a8d9') in 0.017364 seconds 
========================================================================
Received Import Request.
  Time since last request: 0.000031 seconds.
  path: Assets/TANKASSETS/PostProcessing/Editor/PostProcessingModelEditor.cs
  artifactKey: Guid(afe296d4ede60a0479734dc8c7df82c2) Importer(2089858483,934ff659095e30574adcf32a4c2f97b5)
Start importing Assets/TANKASSETS/PostProcessing/Editor/PostProcessingModelEditor.cs using Guid(afe296d4ede60a0479734dc8c7df82c2) Importer(2089858483,934ff659095e30574adcf32a4c2f97b5)  -> (artifact id: '6958239f4ebcdcd4674abd612313f64a') in 0.009630 seconds 
========================================================================
Received Import Request.
  Time since last request: 0.000034 seconds.
  path: Assets/WayPoint.prefab
  artifactKey: Guid(650ea2e5f9c3b4ae4aa6e7fdf6cf157b) Importer(2089858483,934ff659095e30574adcf32a4c2f97b5)
Start importing Assets/WayPoint.prefab using Guid(650ea2e5f9c3b4ae4aa6e7fdf6cf157b) Importer(2089858483,934ff659095e30574adcf32a4c2f97b5)  -> (artifact id: '0e81772507c078e2051b8fa476699038') in 0.012205 seconds 
========================================================================
Received Import Request.
  Time since last request: 0.000023 seconds.
  path: Assets/TANKASSETS/PostProcessing/Resources/Bluenoise64/LDR_LLL1_61.png
  artifactKey: Guid(119591e0bb084e848835d237546b3882) Importer(2089858483,934ff659095e30574adcf32a4c2f97b5)
Start importing Assets/TANKASSETS/PostProcessing/Resources/Bluenoise64/LDR_LLL1_61.png using Guid(119591e0bb084e848835d237546b3882) Importer(2089858483,934ff659095e30574adcf32a4c2f97b5)  -> (artifact id: 'cf64314eb79b5ce7a2dec05c8d15acdd') in 0.033008 seconds 
========================================================================
Received Import Request.
  Time since last request: 0.000021 seconds.
  path: Assets/TANKASSETS/PostProcessing/Resources/Bluenoise64/LDR_LLL1_41.png
  artifactKey: Guid(cd9006dc442cc244e89b3f492384d46a) Importer(2089858483,934ff659095e30574adcf32a4c2f97b5)
Start importing Assets/TANKASSETS/PostProcessing/Resources/Bluenoise64/LDR_LLL1_41.png using Guid(cd9006dc442cc244e89b3f492384d46a) Importer(2089858483,934ff659095e30574adcf32a4c2f97b5)  -> (artifact id: 'b24178f32d3902029b8c2efe99392d8f') in 0.023089 seconds 
========================================================================
Received Import Request.
  Time since last request: 0.000018 seconds.
  path: Assets/TANKASSETS/PostProcessing/Runtime/Components/BuiltinDebugViewsComponent.cs
  artifactKey: Guid(fd834b6165e82e64f9da2d4ed9f4e236) Importer(2089858483,934ff659095e30574adcf32a4c2f97b5)
Start importing Assets/TANKASSETS/PostProcessing/Runtime/Components/BuiltinDebugViewsComponent.cs using Guid(fd834b6165e82e64f9da2d4ed9f4e236) Importer(2089858483,934ff659095e30574adcf32a4c2f97b5)  -> (artifact id: '0498c0d8137f5aafdf2b54c79cee5708') in 0.010483 seconds 
========================================================================
Received Import Request.
  Time since last request: 0.000018 seconds.
  path: Assets/TANKASSETS/PostProcessing/Editor/Models/ColorGradingModelEditor.cs
  artifactKey: Guid(c3e3bce1d5c900d4fa7aa0f2b21814cf) Importer(2089858483,934ff659095e30574adcf32a4c2f97b5)
Start importing Assets/TANKASSETS/PostProcessing/Editor/Models/ColorGradingModelEditor.cs using Guid(c3e3bce1d5c900d4fa7aa0f2b21814cf) Importer(2089858483,934ff659095e30574adcf32a4c2f97b5)  -> (artifact id: '1175fd027056c3a055df01d32fddc512') in 0.009737 seconds 
========================================================================
Received Import Request.
  Time since last request: 0.000024 seconds.
  path: Assets/TANKASSETS/PostProcessing/Editor/Monitors/WaveformMonitor.cs
  artifactKey: Guid(2d45bc7edb5916446b4fa1ae1b6f9065) Importer(2089858483,934ff659095e30574adcf32a4c2f97b5)
Start importing Assets/TANKASSETS/PostProcessing/Editor/Monitors/WaveformMonitor.cs using Guid(2d45bc7edb5916446b4fa1ae1b6f9065) Importer(2089858483,934ff659095e30574adcf32a4c2f97b5)  -> (artifact id: '9492bd9093c0f105691d91d5c61bd528') in 0.008018 seconds 
========================================================================
Received Import Request.
  Time since last request: 0.000022 seconds.
  path: Assets/TANKASSETS/PostProcessing/Resources/Bluenoise64/LDR_LLL1_15.png
  artifactKey: Guid(2ee161d8945169243b5698fec114e1b7) Importer(2089858483,934ff659095e30574adcf32a4c2f97b5)
Start importing Assets/TANKASSETS/PostProcessing/Resources/Bluenoise64/LDR_LLL1_15.png using Guid(2ee161d8945169243b5698fec114e1b7) Importer(2089858483,934ff659095e30574adcf32a4c2f97b5)  -> (artifact id: '12e9a667dc1c65aa0ba8e04e65d94140') in 0.023477 seconds 
========================================================================
Received Import Request.
  Time since last request: 0.000020 seconds.
  path: Assets/TANKASSETS/PostProcessing/Resources/Bluenoise64/LDR_LLL1_22.png
  artifactKey: Guid(df01d03f056c6f445b4b8a0ae054207c) Importer(2089858483,934ff659095e30574adcf32a4c2f97b5)
Start importing Assets/TANKASSETS/PostProcessing/Resources/Bluenoise64/LDR_LLL1_22.png using Guid(df01d03f056c6f445b4b8a0ae054207c) Importer(2089858483,934ff659095e30574adcf32a4c2f97b5)  -> (artifact id: '20cc3284b68da337346c287dbd7c47f1') in 0.051492 seconds 
========================================================================
Received Import Request.
  Time since last request: 0.000021 seconds.
  path: Assets/Scenes/SampleScene.unity
  artifactKey: Guid(9fc0d4010bbf28b4594072e72b8655ab) Importer(2089858483,934ff659095e30574adcf32a4c2f97b5)
Start importing Assets/Scenes/SampleScene.unity using Guid(9fc0d4010bbf28b4594072e72b8655ab) Importer(2089858483,934ff659095e30574adcf32a4c2f97b5)  -> (artifact id: 'd5c476c48c9ef17d9745292b6284be59') in 0.010502 seconds 
========================================================================
Received Import Request.
  Time since last request: 0.000032 seconds.
  path: Assets/TANKASSETS/Materials/Gold.mat
  artifactKey: Guid(6221f2fbc7212d94cb9c069ee262d824) Importer(2089858483,934ff659095e30574adcf32a4c2f97b5)
Start importing Assets/TANKASSETS/Materials/Gold.mat using Guid(6221f2fbc7212d94cb9c069ee262d824) Importer(2089858483,934ff659095e30574adcf32a4c2f97b5)  -> (artifact id: 'e31bcfcac290d16c49d18e5dfb89fa66') in 0.024816 seconds 
========================================================================
Received Import Request.
  Time since last request: 0.000020 seconds.
  path: Assets/TANKASSETS/PostProcessing/Editor/Models/AmbientOcclusionModelEditor.cs
  artifactKey: Guid(9fcb710e23a5a0546a3b8b0ca28c1720) Importer(2089858483,934ff659095e30574adcf32a4c2f97b5)
Start importing Assets/TANKASSETS/PostProcessing/Editor/Models/AmbientOcclusionModelEditor.cs using Guid(9fcb710e23a5a0546a3b8b0ca28c1720) Importer(2089858483,934ff659095e30574adcf32a4c2f97b5)  -> (artifact id: 'eeda89ba4ecedac79f08625e2aa22a6f') in 0.009944 seconds 
========================================================================
Received Import Request.
  Time since last request: 0.000025 seconds.
  path: Assets/TANKASSETS/PostProcessing/Resources/Bluenoise64/LDR_LLL1_30.png
  artifactKey: Guid(0fa10b21877c61b4db40ba5708815f81) Importer(2089858483,934ff659095e30574adcf32a4c2f97b5)
Start importing Assets/TANKASSETS/PostProcessing/Resources/Bluenoise64/LDR_LLL1_30.png using Guid(0fa10b21877c61b4db40ba5708815f81) Importer(2089858483,934ff659095e30574adcf32a4c2f97b5)  -> (artifact id: '011a7d57a8f46794509153a890b95be1') in 0.010090 seconds 
========================================================================
Received Import Request.
  Time since last request: 0.000022 seconds.
  path: Assets/TANKASSETS/PostProcessing/Editor/Monitors/ParadeMonitor.cs
  artifactKey: Guid(b1f878f3742072e40a280683573bd0ee) Importer(2089858483,934ff659095e30574adcf32a4c2f97b5)
Start importing Assets/TANKASSETS/PostProcessing/Editor/Monitors/ParadeMonitor.cs using Guid(b1f878f3742072e40a280683573bd0ee) Importer(2089858483,934ff659095e30574adcf32a4c2f97b5)  -> (artifact id: 'fe2cc49927a69b234052bbfd8ad1ea30') in 0.009175 seconds 
========================================================================
Received Import Request.
  Time since last request: 0.000022 seconds.
  path: Assets/TANKASSETS/PostProcessing/Runtime/PostProcessingProfile.cs
  artifactKey: Guid(8a3bdb2cd68f901469e7cc149151eb49) Importer(2089858483,934ff659095e30574adcf32a4c2f97b5)
Start importing Assets/TANKASSETS/PostProcessing/Runtime/PostProcessingProfile.cs using Guid(8a3bdb2cd68f901469e7cc149151eb49) Importer(2089858483,934ff659095e30574adcf32a4c2f97b5)  -> (artifact id: 'dbd01342d35169e999416943a8ac3d9e') in 0.011332 seconds 
========================================================================
Received Import Request.
  Time since last request: 0.000031 seconds.
  path: Assets/TANKASSETS/PostProcessing/Resources/Shaders/DiskKernels.cginc
  artifactKey: Guid(faeb738b5a2c3ff43bd104dd5b1a275c) Importer(2089858483,934ff659095e30574adcf32a4c2f97b5)
Start importing Assets/TANKASSETS/PostProcessing/Resources/Shaders/DiskKernels.cginc using Guid(faeb738b5a2c3ff43bd104dd5b1a275c) Importer(2089858483,934ff659095e30574adcf32a4c2f97b5)  -> (artifact id: '6220ff9b6982b82c2cd96c33de53ff5a') in 0.012785 seconds 
========================================================================
Received Import Request.
  Time since last request: 0.000033 seconds.
  path: Assets/TANKASSETS/PostProcessing/Resources/Shaders/ACES.cginc
  artifactKey: Guid(b8d56fc3449f426408c23c723b58d7b5) Importer(2089858483,934ff659095e30574adcf32a4c2f97b5)
Start importing Assets/TANKASSETS/PostProcessing/Resources/Shaders/ACES.cginc using Guid(b8d56fc3449f426408c23c723b58d7b5) Importer(2089858483,934ff659095e30574adcf32a4c2f97b5)  -> (artifact id: '7aebdda50495ff03c747c00d9a0dcc82') in 0.012142 seconds 
========================================================================
Received Import Request.
  Time since last request: 0.000042 seconds.
  path: Assets/TANKASSETS/PostProcessing/Editor/Models/DepthOfFieldModelEditor.cs
  artifactKey: Guid(dc2f388440e9f8b4f8fc7bb43c01cc7d) Importer(2089858483,934ff659095e30574adcf32a4c2f97b5)
Start importing Assets/TANKASSETS/PostProcessing/Editor/Models/DepthOfFieldModelEditor.cs using Guid(dc2f388440e9f8b4f8fc7bb43c01cc7d) Importer(2089858483,934ff659095e30574adcf32a4c2f97b5)  -> (artifact id: 'fc875d3eaa645a3cb9559026765af1e2') in 0.011076 seconds 
========================================================================
Received Import Request.
  Time since last request: 0.000036 seconds.
  path: Assets/TANKASSETS/PostProcessing/Runtime/Models/BuiltinDebugViewsModel.cs
  artifactKey: Guid(33d6d1a4b7b3dec40819019a25605191) Importer(2089858483,934ff659095e30574adcf32a4c2f97b5)
Start importing Assets/TANKASSETS/PostProcessing/Runtime/Models/BuiltinDebugViewsModel.cs using Guid(33d6d1a4b7b3dec40819019a25605191) Importer(2089858483,934ff659095e30574adcf32a4c2f97b5)  -> (artifact id: 'c87ba5be10be7574f6e7f8a2730a0bbf') in 0.008798 seconds 
========================================================================
Received Import Request.
  Time since last request: 0.000021 seconds.
  path: Assets/TANKASSETS/PostProcessing/Runtime/Models/ColorGradingModel.cs
  artifactKey: Guid(fe146bcdc1fb8ae4ab7dd803982d3489) Importer(2089858483,934ff659095e30574adcf32a4c2f97b5)
Start importing Assets/TANKASSETS/PostProcessing/Runtime/Models/ColorGradingModel.cs using Guid(fe146bcdc1fb8ae4ab7dd803982d3489) Importer(2089858483,934ff659095e30574adcf32a4c2f97b5)  -> (artifact id: '3684c1a4bcf14169562548ee12d12d73') in 0.009666 seconds 
========================================================================
Received Import Request.
  Time since last request: 0.000021 seconds.
  path: Assets/TANKASSETS/PostProcessing/Runtime/Utils/RenderTextureFactory.cs
  artifactKey: Guid(aec5694806c4d75449e231cfae69c329) Importer(2089858483,934ff659095e30574adcf32a4c2f97b5)
Start importing Assets/TANKASSETS/PostProcessing/Runtime/Utils/RenderTextureFactory.cs using Guid(aec5694806c4d75449e231cfae69c329) Importer(2089858483,934ff659095e30574adcf32a4c2f97b5)  -> (artifact id: '4dad8036c62a441d459114f407cc54b4') in 0.009830 seconds 
========================================================================
Received Import Request.
  Time since last request: 0.000024 seconds.
  path: Assets/TANKASSETS/PostProcessing/Textures/Spectral LUTs/SpectralLut_GreenPurple.tga
  artifactKey: Guid(4a8f054acfbd08043a931cd22760758d) Importer(2089858483,934ff659095e30574adcf32a4c2f97b5)
Start importing Assets/TANKASSETS/PostProcessing/Textures/Spectral LUTs/SpectralLut_GreenPurple.tga using Guid(4a8f054acfbd08043a931cd22760758d) Importer(2089858483,934ff659095e30574adcf32a4c2f97b5)  -> (artifact id: '978116fbf95af0a80932f1c1efbdc544') in 0.060042 seconds 
========================================================================
Received Import Request.
  Time since last request: 0.000023 seconds.
  path: Assets/TANKASSETS/PostProcessing/Textures/Lens Dirt/LensDirt03.png
  artifactKey: Guid(7a051dbda2d7bc447bee412427cd311e) Importer(2089858483,934ff659095e30574adcf32a4c2f97b5)
Start importing Assets/TANKASSETS/PostProcessing/Textures/Lens Dirt/LensDirt03.png using Guid(7a051dbda2d7bc447bee412427cd311e) Importer(2089858483,934ff659095e30574adcf32a4c2f97b5)  -> (artifact id: 'd1885389b5663b975652b556e52b0094') in 0.028254 seconds 
========================================================================
Received Import Request.
  Time since last request: 0.000030 seconds.
  path: Assets/TANKASSETS/PostProcessing/Runtime/Components/UserLutComponent.cs
  artifactKey: Guid(63cb071fb8442a14f85c02e6ddba9b72) Importer(2089858483,934ff659095e30574adcf32a4c2f97b5)
Start importing Assets/TANKASSETS/PostProcessing/Runtime/Components/UserLutComponent.cs using Guid(63cb071fb8442a14f85c02e6ddba9b72) Importer(2089858483,934ff659095e30574adcf32a4c2f97b5)  -> (artifact id: '19d9a1d1d4cf7e231e0e1a902539234e') in 0.010038 seconds 
========================================================================
Received Import Request.
  Time since last request: 0.000026 seconds.
  path: Assets/TANKASSETS/PostProcessing/Runtime/Models/DepthOfFieldModel.cs
  artifactKey: Guid(2626b17c595c71e43811d654eb28d30d) Importer(2089858483,934ff659095e30574adcf32a4c2f97b5)
Start importing Assets/TANKASSETS/PostProcessing/Runtime/Models/DepthOfFieldModel.cs using Guid(2626b17c595c71e43811d654eb28d30d) Importer(2089858483,934ff659095e30574adcf32a4c2f97b5)  -> (artifact id: 'aeeea9f6ba981d1388a15e58c161a20d') in 0.010950 seconds 
========================================================================
Received Import Request.
  Time since last request: 0.000023 seconds.
  path: Assets/TANKASSETS/PostProcessing/Runtime/Models/VignetteModel.cs
  artifactKey: Guid(d7aa967ba692363448f1b25d0728b9bd) Importer(2089858483,934ff659095e30574adcf32a4c2f97b5)
Start importing Assets/TANKASSETS/PostProcessing/Runtime/Models/VignetteModel.cs using Guid(d7aa967ba692363448f1b25d0728b9bd) Importer(2089858483,934ff659095e30574adcf32a4c2f97b5)  -> (artifact id: '06c327e5a5fc41b1d6392ff638a2e912') in 0.010547 seconds 
========================================================================
Received Import Request.
  Time since last request: 0.000030 seconds.
  path: Assets/TANKASSETS/PostProcessing/Runtime/Models/MotionBlurModel.cs
  artifactKey: Guid(bb4df227c906dd342bd34767914d292c) Importer(2089858483,934ff659095e30574adcf32a4c2f97b5)
Start importing Assets/TANKASSETS/PostProcessing/Runtime/Models/MotionBlurModel.cs using Guid(bb4df227c906dd342bd34767914d292c) Importer(2089858483,934ff659095e30574adcf32a4c2f97b5)  -> (artifact id: '3c34ccd6d2be879a3da8a9abbf55e848') in 0.008263 seconds 
========================================================================
Received Import Request.
  Time since last request: 0.000025 seconds.
  path: Assets/TANKASSETS/PostProcessing/Runtime/Utils/MaterialFactory.cs
  artifactKey: Guid(594fad000c373f746864717c588e1815) Importer(2089858483,934ff659095e30574adcf32a4c2f97b5)
Start importing Assets/TANKASSETS/PostProcessing/Runtime/Utils/MaterialFactory.cs using Guid(594fad000c373f746864717c588e1815) Importer(2089858483,934ff659095e30574adcf32a4c2f97b5)  -> (artifact id: '82598a0ce50fa05d935e878ba04c31f7') in 0.008778 seconds 
========================================================================
Received Import Request.
  Time since last request: 0.000026 seconds.
  path: Assets/TANKASSETS/PostProcessing/Runtime/Models/AntialiasingModel.cs
  artifactKey: Guid(cb9a239ec5f20ca4cb5d0391441588de) Importer(2089858483,934ff659095e30574adcf32a4c2f97b5)
Start importing Assets/TANKASSETS/PostProcessing/Runtime/Models/AntialiasingModel.cs using Guid(cb9a239ec5f20ca4cb5d0391441588de) Importer(2089858483,934ff659095e30574adcf32a4c2f97b5)  -> (artifact id: '2e0e10fa3fbefbf0621d60efefa6115b') in 0.010780 seconds 
========================================================================
Received Import Request.
  Time since last request: 0.000021 seconds.
  path: Assets/TANKASSETS/PostProcessing/Runtime/Models/UserLutModel.cs
  artifactKey: Guid(3a7afd753a89c4140b80c855e15f69d6) Importer(2089858483,934ff659095e30574adcf32a4c2f97b5)
Start importing Assets/TANKASSETS/PostProcessing/Runtime/Models/UserLutModel.cs using Guid(3a7afd753a89c4140b80c855e15f69d6) Importer(2089858483,934ff659095e30574adcf32a4c2f97b5)  -> (artifact id: 'b9bf03b7875bce6eb5ac916628d2e7b4') in 0.008410 seconds 
========================================================================
Received Import Request.
  Time since last request: 0.000022 seconds.
  path: Assets/TANKASSETS/PostProcessing/Textures/Spectral LUTs/SpectralLut_RedBlue.tga
  artifactKey: Guid(ff5f3317371838d4fa16ac6c2acf2040) Importer(2089858483,934ff659095e30574adcf32a4c2f97b5)
Start importing Assets/TANKASSETS/PostProcessing/Textures/Spectral LUTs/SpectralLut_RedBlue.tga using Guid(ff5f3317371838d4fa16ac6c2acf2040) Importer(2089858483,934ff659095e30574adcf32a4c2f97b5)  -> (artifact id: 'ec32bf4251e176f862f089c2071d8be3') in 0.030235 seconds 
========================================================================
Received Import Request.
  Time since last request: 0.000022 seconds.
  path: Assets/TANKASSETS/PostProcessing/Runtime/Models/FogModel.cs
  artifactKey: Guid(1e20e66aa2deb7943993c444137d9acd) Importer(2089858483,934ff659095e30574adcf32a4c2f97b5)
Start importing Assets/TANKASSETS/PostProcessing/Runtime/Models/FogModel.cs using Guid(1e20e66aa2deb7943993c444137d9acd) Importer(2089858483,934ff659095e30574adcf32a4c2f97b5)  -> (artifact id: '0b131c4d1bcdfadcabcf1298bee54bbc') in 0.008449 seconds 
========================================================================
Received Import Request.
  Time since last request: 0.000019 seconds.
  path: Assets/TANKASSETS/PostProcessing/Runtime/Models/BloomModel.cs
  artifactKey: Guid(e215a6ec29d100f489c186f289526f06) Importer(2089858483,934ff659095e30574adcf32a4c2f97b5)
Start importing Assets/TANKASSETS/PostProcessing/Runtime/Models/BloomModel.cs using Guid(e215a6ec29d100f489c186f289526f06) Importer(2089858483,934ff659095e30574adcf32a4c2f97b5)  -> (artifact id: '17800c7c89a1c4690fb31cd074ac110f') in 0.008394 seconds 
========================================================================
Received Import Request.
  Time since last request: 0.000021 seconds.
  path: Assets/TANKASSETS/PostProcessing/Runtime/Models/GrainModel.cs
  artifactKey: Guid(f4fbcdb7f7a3c76489f32ffea74e6bb3) Importer(2089858483,934ff659095e30574adcf32a4c2f97b5)
Start importing Assets/TANKASSETS/PostProcessing/Runtime/Models/GrainModel.cs using Guid(f4fbcdb7f7a3c76489f32ffea74e6bb3) Importer(2089858483,934ff659095e30574adcf32a4c2f97b5)  -> (artifact id: '562f855568b040fb7fa574ee7d2b2ead') in 0.008751 seconds 
========================================================================
Received Import Request.
  Time since last request: 0.000024 seconds.
  path: Assets/TANKASSETS/PostProcessing/Textures/Spectral LUTs/SpectralLut_BlueRed.tga
  artifactKey: Guid(318cbcd94840f1d48aca4d86234dc2e7) Importer(2089858483,934ff659095e30574adcf32a4c2f97b5)
Start importing Assets/TANKASSETS/PostProcessing/Textures/Spectral LUTs/SpectralLut_BlueRed.tga using Guid(318cbcd94840f1d48aca4d86234dc2e7) Importer(2089858483,934ff659095e30574adcf32a4c2f97b5)  -> (artifact id: '5f575d4aef16c3442333a6b57ccccb22') in 0.073923 seconds 
========================================================================
Received Import Request.
  Time since last request: 0.000028 seconds.
  path: Assets/TANKASSETS/PostProcessing/Runtime/Models/ChromaticAberrationModel.cs
  artifactKey: Guid(8da01668697617e43879715e835a2367) Importer(2089858483,934ff659095e30574adcf32a4c2f97b5)
Start importing Assets/TANKASSETS/PostProcessing/Runtime/Models/ChromaticAberrationModel.cs using Guid(8da01668697617e43879715e835a2367) Importer(2089858483,934ff659095e30574adcf32a4c2f97b5)  -> (artifact id: '42fce273367f698252431170f41b851b') in 0.009981 seconds 
========================================================================
Received Import Request.
  Time since last request: 0.000044 seconds.
  path: Assets/TANKASSETS/PostProcessing/Textures/Lens Dirt/LensDirt00.png
  artifactKey: Guid(69e847bbff1cf5449a4ee0bbd045dbc9) Importer(2089858483,934ff659095e30574adcf32a4c2f97b5)
Start importing Assets/TANKASSETS/PostProcessing/Textures/Lens Dirt/LensDirt00.png using Guid(69e847bbff1cf5449a4ee0bbd045dbc9) Importer(2089858483,934ff659095e30574adcf32a4c2f97b5)  -> (artifact id: '3a7577a38dc70cd0e59a0728471c44e0') in 0.074707 seconds 
========================================================================
Received Import Request.
  Time since last request: 0.000025 seconds.
  path: Assets/TANKASSETS/Materials/Blue.mat
  artifactKey: Guid(ff21ff0ea9b18924bb1fdfbb0e58f5cb) Importer(2089858483,934ff659095e30574adcf32a4c2f97b5)
Start importing Assets/TANKASSETS/Materials/Blue.mat using Guid(ff21ff0ea9b18924bb1fdfbb0e58f5cb) Importer(2089858483,934ff659095e30574adcf32a4c2f97b5)  -> (artifact id: '1e556128240d4b4eea957d056f31ffca') in 0.011347 seconds 
========================================================================
Received Import Request.
  Time since last request: 0.000026 seconds.
  path: Assets/TANKASSETS/Materials/OilDrums.mat
  artifactKey: Guid(b3a1f2f69b4c3a84cba5446e31e87c20) Importer(2089858483,934ff659095e30574adcf32a4c2f97b5)
Start importing Assets/TANKASSETS/Materials/OilDrums.mat using Guid(b3a1f2f69b4c3a84cba5446e31e87c20) Importer(2089858483,934ff659095e30574adcf32a4c2f97b5)  -> (artifact id: '2e030f68240ff4a3a6c6c4ebfdff7508') in 0.011658 seconds 
========================================================================
Received Import Request.
  Time since last request: 0.000024 seconds.
  path: Assets/TANKASSETS/PostProcessing/Resources/Bluenoise64/LDR_LLL1_45.png
  artifactKey: Guid(b9960364038cbfa4aa49d7b2032d3110) Importer(2089858483,934ff659095e30574adcf32a4c2f97b5)
Start importing Assets/TANKASSETS/PostProcessing/Resources/Bluenoise64/LDR_LLL1_45.png using Guid(b9960364038cbfa4aa49d7b2032d3110) Importer(2089858483,934ff659095e30574adcf32a4c2f97b5)  -> (artifact id: 'dd031c9c2f383f388892345010d907de') in 0.023017 seconds 
========================================================================
Received Import Request.
  Time since last request: 0.000019 seconds.
  path: Assets/TANKASSETS/PostProcessing/Editor/Attributes/PostProcessingModelEditorAttribute.cs
  artifactKey: Guid(c21938aa988055347a2271f03a3e731e) Importer(2089858483,934ff659095e30574adcf32a4c2f97b5)
Start importing Assets/TANKASSETS/PostProcessing/Editor/Attributes/PostProcessingModelEditorAttribute.cs using Guid(c21938aa988055347a2271f03a3e731e) Importer(2089858483,934ff659095e30574adcf32a4c2f97b5)  -> (artifact id: '6f8b7085d3e5edad1ee39f8d0ee7d6a0') in 0.012222 seconds 
========================================================================
Received Prepare
Refreshing native plugins compatible for Editor in 2.59 ms, found 2 plugins.
Preloading 0 native plugins for Editor in 0.00 ms.
Unloading 13 Unused Serialized files (Serialized files now loaded: 0)
Unloading 13 unused Assets / (306.8 KB). Loaded Objects now: 2152.
Memory consumption went from 46.7 MB to 46.4 MB.
Total: 3.553500 ms (FindLiveObjects: 0.162900 ms CreateObjectMapping: 0.050300 ms MarkObjects: 3.272900 ms  DeleteObjects: 0.066500 ms)

AssetImportParameters requested are different than current active one (requested -> active):
  custom:video-decoder-ogg-theora: a1e56fd34408186e4bbccfd4996cb3dc -> 
  custom:container-muxer-webm: aa71ff27fc2769a1b78a27578f13a17b -> 
  custom:container-demuxer-webm: 4f35f7cbe854078d1ac9338744f61a02 -> 
  custom:video-encoder-webm-vp8: eb34c28f22e8b96e1ab97ce403110664 -> 
  custom:audio-encoder-webm-vorbis: bf7c407c2cedff20999df2af8eb42d56 -> 
  custom:framework-win-MediaFoundation: 216162199b28c13a410421893ffa2e32 -> 
  custom:SearchIndexIgnoredProperties: e643bd26f0fe6173181afceb89e7c659 -> 
  custom:container-demuxer-ogg: 62fdf1f143b41e24485cea50d1cbac27 -> 
  custom:video-decoder-webm-vp8: 9c59270c3fd7afecdb556c50c9e8de78 -> 
  custom:audio-decoder-ogg-vorbis: bf7c407c2cedff20999df2af8eb42d56 -> 
========================================================================
Received Prepare
Registering precompiled user dll's ...
Registered in 0.004116 seconds.
Begin MonoManager ReloadAssembly
Native extension for WindowsStandalone target not found
Native extension for WebGL target not found
Refreshing native plugins compatible for Editor in 0.44 ms, found 2 plugins.
Preloading 0 native plugins for Editor in 0.00 ms.
Mono: successfully reloaded assembly
- Completed reload, in  1.220 seconds
Domain Reload Profiling:
	ReloadAssembly (1222ms)
		BeginReloadAssembly (267ms)
			ExecutionOrderSort (0ms)
			DisableScriptedObjects (32ms)
			BackupInstance (0ms)
			ReleaseScriptingObjects (0ms)
			CreateAndSetChildDomain (85ms)
		EndReloadAssembly (817ms)
			LoadAssemblies (158ms)
			RebuildTransferFunctionScriptingTraits (0ms)
			SetupTypeCache (225ms)
			ReleaseScriptCaches (1ms)
			RebuildScriptCaches (47ms)
			SetupLoadedEditorAssemblies (367ms)
				LogAssemblyErrors (0ms)
				InitializePlatformSupportModulesInManaged (20ms)
				SetLoadedEditorAssemblies (1ms)
				RefreshPlugins (1ms)
				BeforeProcessingInitializeOnLoad (68ms)
				ProcessInitializeOnLoadAttributes (236ms)
				ProcessInitializeOnLoadMethodAttributes (30ms)
				AfterProcessingInitializeOnLoad (12ms)
				EditorAssembliesLoaded (0ms)
			ExecutionOrderSort2 (0ms)
			AwakeInstancesAfterBackupRestoration (8ms)
Platform modules already initialized, skipping
Refreshing native plugins compatible for Editor in 2.94 ms, found 2 plugins.
Preloading 0 native plugins for Editor in 0.00 ms.
Unloading 1614 Unused Serialized files (Serialized files now loaded: 0)
Unloading 13 unused Assets / (309.8 KB). Loaded Objects now: 2155.
Memory consumption went from 78.5 MB to 78.2 MB.
Total: 27.804400 ms (FindLiveObjects: 0.254100 ms CreateObjectMapping: 0.115700 ms MarkObjects: 27.285100 ms  DeleteObjects: 0.147300 ms)

AssetImportParameters requested are different than current active one (requested -> active):
  custom:video-decoder-ogg-theora: a1e56fd34408186e4bbccfd4996cb3dc -> 
  custom:container-muxer-webm: aa71ff27fc2769a1b78a27578f13a17b -> 
  custom:container-demuxer-webm: 4f35f7cbe854078d1ac9338744f61a02 -> 
  custom:video-encoder-webm-vp8: eb34c28f22e8b96e1ab97ce403110664 -> 
  custom:audio-encoder-webm-vorbis: bf7c407c2cedff20999df2af8eb42d56 -> 
  custom:framework-win-MediaFoundation: 216162199b28c13a410421893ffa2e32 -> 
  custom:SearchIndexIgnoredProperties: e643bd26f0fe6173181afceb89e7c659 -> 
  custom:container-demuxer-ogg: 62fdf1f143b41e24485cea50d1cbac27 -> 
  custom:video-decoder-webm-vp8: 9c59270c3fd7afecdb556c50c9e8de78 -> 
  custom:audio-decoder-ogg-vorbis: bf7c407c2cedff20999df2af8eb42d56 -> 
========================================================================
Received Prepare
Registering precompiled user dll's ...
Registered in 0.005437 seconds.
Begin MonoManager ReloadAssembly
Native extension for WindowsStandalone target not found
Native extension for WebGL target not found
Refreshing native plugins compatible for Editor in 0.60 ms, found 2 plugins.
Preloading 0 native plugins for Editor in 0.00 ms.
Mono: successfully reloaded assembly
- Completed reload, in  1.390 seconds
Domain Reload Profiling:
	ReloadAssembly (1391ms)
		BeginReloadAssembly (280ms)
			ExecutionOrderSort (0ms)
			DisableScriptedObjects (15ms)
			BackupInstance (0ms)
			ReleaseScriptingObjects (0ms)
			CreateAndSetChildDomain (63ms)
		EndReloadAssembly (937ms)
			LoadAssemblies (198ms)
			RebuildTransferFunctionScriptingTraits (0ms)
			SetupTypeCache (330ms)
			ReleaseScriptCaches (1ms)
			RebuildScriptCaches (52ms)
			SetupLoadedEditorAssemblies (366ms)
				LogAssemblyErrors (0ms)
				InitializePlatformSupportModulesInManaged (22ms)
				SetLoadedEditorAssemblies (1ms)
				RefreshPlugins (1ms)
				BeforeProcessingInitializeOnLoad (68ms)
				ProcessInitializeOnLoadAttributes (233ms)
				ProcessInitializeOnLoadMethodAttributes (29ms)
				AfterProcessingInitializeOnLoad (12ms)
				EditorAssembliesLoaded (0ms)
			ExecutionOrderSort2 (0ms)
			AwakeInstancesAfterBackupRestoration (8ms)
Platform modules already initialized, skipping
Refreshing native plugins compatible for Editor in 1.35 ms, found 2 plugins.
Preloading 0 native plugins for Editor in 0.00 ms.
Unloading 1614 Unused Serialized files (Serialized files now loaded: 0)
Unloading 13 unused Assets / (309.8 KB). Loaded Objects now: 2158.
Memory consumption went from 78.6 MB to 78.3 MB.
Total: 3.337800 ms (FindLiveObjects: 0.167200 ms CreateObjectMapping: 0.057600 ms MarkObjects: 3.034400 ms  DeleteObjects: 0.077000 ms)

AssetImportParameters requested are different than current active one (requested -> active):
  custom:video-decoder-ogg-theora: a1e56fd34408186e4bbccfd4996cb3dc -> 
  custom:container-muxer-webm: aa71ff27fc2769a1b78a27578f13a17b -> 
  custom:container-demuxer-webm: 4f35f7cbe854078d1ac9338744f61a02 -> 
  custom:video-encoder-webm-vp8: eb34c28f22e8b96e1ab97ce403110664 -> 
  custom:audio-encoder-webm-vorbis: bf7c407c2cedff20999df2af8eb42d56 -> 
  custom:framework-win-MediaFoundation: 216162199b28c13a410421893ffa2e32 -> 
  custom:SearchIndexIgnoredProperties: e643bd26f0fe6173181afceb89e7c659 -> 
  custom:container-demuxer-ogg: 62fdf1f143b41e24485cea50d1cbac27 -> 
  custom:video-decoder-webm-vp8: 9c59270c3fd7afecdb556c50c9e8de78 -> 
  custom:audio-decoder-ogg-vorbis: bf7c407c2cedff20999df2af8eb42d56 -> 
